=== UAV-USV Mission Log ===
generated_at: 2026-03-01T10:50:57
seed: 1501135398
algorithm: hierarchical_v1
reassign_algorithm: auction_cbba
scenario_profile: high-coupling
sea_area: 560m x 420m
obstacles: 4
tasks_total: 14
stage1_snapshot_step: 420
replans: 13
executed_steps: 350
coverage_rate: 0.9252
task_handling_rate: 1.0000
turn_events: 233
turn_index: 0.019492
load_balance_cv: 0.6127
mission_completion_time_s: 210.00
avg_response_time_s: 84.17
avg_processing_completion_time_s: 90.21

=== Extreme Event Metrics ===
extreme_event_enabled: true
extreme_event_fired: true
extreme_event_step: 53
extreme_event_time_s: 31.8000
extreme_event_destroyed_usv: usv_3
extreme_event_dispatch_uav: uav_1
emergency_task_label: Emergency-A
emergency_assess_time_s: 48.0000
emergency_first_response_time_s: 204.0000
emergency_complete_time_s: 205.8000
event_to_assess_s: 16.2000
event_to_first_replan_s: 4.2000
assess_to_first_replan_s: 0.0000
assess_to_first_response_s: 156.0000
assess_to_complete_s: 157.8000
coverage_at_event: 0.2095
coverage_at_event_plus_120s: 0.7126
coverage_recovery_120s: 0.5031
task_completion_at_event: 0.4167
task_completion_at_event_plus_120s: 0.7857
task_completion_gain_120s: 0.3690
turn_index_at_event: 0.0151
turn_index_at_event_plus_120s: 0.0210
turn_index_delta_120s: 0.0058

=== USV Load Balance ===
format: usv | travel_m | work_s | load_eq_m
usv_1 | 1273.7 | 31.8 | 1343.7
usv_2 | 1159.2 | 44.4 | 1256.8
usv_3 | 85.8 | 16.8 | 122.8

=== Task Definitions (14 tasks) ===
format: label | true_difficulty | known_difficulty | base_sec | discovered_by@time | pos(x,y)
Target-1 | 上(high) | 上(high) | 8.0s | high_coupling_init@0.0s | (280.7, 78.6)
Target-2 | 上(high) | 上(high) | 8.0s | high_coupling_init@0.0s | (421.0, 202.4)
Target-3 | 中(mid) | 中(mid) | 4.0s | high_coupling_init@0.0s | (33.4, 183.1)
Target-4 | 上(high) | 上(high) | 8.0s | high_coupling_init@0.0s | (487.1, 53.3)
Target-5 | 上(high) | 上(high) | 8.0s | high_coupling_init@0.0s | (72.3, 159.2)
Target-6 | 中(mid) | 中(mid) | 4.0s | high_coupling_init@0.0s | (215.7, 181.5)
Target-7 | 上(high) | 上(high) | 8.0s | high_coupling_init@0.0s | (401.3, 38.6)
Target-8 | 上(high) | 上(high) | 8.0s | high_coupling_init@0.0s | (519.5, 187.0)
Target-9 | 下(low) | 下(low) | 2.0s | high_coupling_init@0.0s | (225.7, 117.1)
Target-10 | 上(high) | 上(high) | 8.0s | high_coupling_init@0.0s | (77.9, 365.8)
Target-11 | 中(mid) | 中(mid) | 4.0s | high_coupling_init@0.0s | (398.6, 278.7)
Target-12 | 上(high) | 上(high) | 8.0s | high_coupling_init@0.0s | (125.3, 361.2)
Emergency-A | 下(low) | 下(low) | 2.0s | uav_1_event_assess@48.0s | (119.0, 363.2)
Emergency-B | 上(high) | 上(high) | 8.0s | uav_1_event_burst@48.0s | (127.0, 386.9)

=== Task Assignment (latest) ===
format: label | assignees | first_response | complete_time | progress/required | max_collab | status
Target-1 | usv_2 | 58.8s | 66.6s | 8.40/8.00 | 1 | DONE
Target-2 | usv_2 | 130.2s | 138.0s | 8.40/8.00 | 1 | DONE
Target-3 | usv_1 | 1.8s | 5.4s | 4.20/4.00 | 1 | DONE
Target-4 | usv_1,usv_2 | 99.6s | 107.4s | 8.40/8.00 | 1 | DONE
Target-5 | usv_1 | 13.2s | 21.0s | 8.40/8.00 | 1 | DONE
Target-6 | usv_2 | 37.8s | 41.4s | 4.20/4.00 | 1 | DONE
Target-7 | usv_1 | 95.4s | 103.2s | 8.40/8.00 | 1 | DONE
Target-8 | usv_1,usv_2 | 132.6s | 140.4s | 8.40/8.00 | 1 | DONE
Target-9 | usv_2 | 25.8s | 27.6s | 2.40/2.00 | 1 | DONE
Target-10 | - | 5.4s | 13.2s | 8.40/8.00 | 1 | DONE
Target-11 | usv_2 | 151.8s | 155.4s | 4.20/4.00 | 1 | DONE
Target-12 | - | 21.6s | 29.4s | 8.40/8.00 | 1 | DONE
Emergency-A | usv_1 | 204.0s | 205.8s | 2.40/2.00 | 1 | DONE
Emergency-B | usv_2 | 200.4s | 208.2s | 8.40/8.00 | 1 | DONE

=== Assignment History By Replan ===
[replan 01] Target-1->usv_2 ; Target-2->usv_1 ; Target-3->usv_1 ; Target-4->usv_2 ; Target-5->usv_1 ; Target-6->usv_1 ; Target-7->usv_2 ; Target-8->usv_1 ; Target-9->usv_2 ; Target-10->usv_3 ; Target-11->usv_3 ; Target-12->usv_3 ; Emergency-A->- ; Emergency-B->-
[replan 02] Target-1->usv_2 ; Target-2->usv_2 ; Target-3->usv_1 ; Target-4->usv_2 ; Target-5->usv_1 ; Target-6->usv_2 ; Target-7->usv_2 ; Target-8->usv_2 ; Target-9->usv_2 ; Target-10->usv_3 ; Target-11->usv_2 ; Target-12->usv_3 ; Emergency-A->- ; Emergency-B->-
[replan 03] Target-1->usv_2 ; Target-2->usv_2 ; Target-3->usv_1 ; Target-4->usv_2 ; Target-5->usv_1 ; Target-6->usv_2 ; Target-7->usv_2 ; Target-8->usv_2 ; Target-9->usv_2 ; Target-10->- ; Target-11->usv_2 ; Target-12->- ; Emergency-A->- ; Emergency-B->-
[replan 04] Target-1->usv_2 ; Target-2->usv_2 ; Target-3->usv_1 ; Target-4->usv_1,usv_2 ; Target-5->usv_1 ; Target-6->usv_2 ; Target-7->usv_1 ; Target-8->usv_1,usv_2 ; Target-9->usv_2 ; Target-10->- ; Target-11->usv_2 ; Target-12->- ; Emergency-A->usv_2 ; Emergency-B->usv_2
[replan 05] Target-1->usv_2 ; Target-2->usv_2 ; Target-3->usv_1 ; Target-4->usv_1,usv_2 ; Target-5->usv_1 ; Target-6->usv_2 ; Target-7->usv_1 ; Target-8->usv_1,usv_2 ; Target-9->usv_2 ; Target-10->- ; Target-11->usv_2 ; Target-12->- ; Emergency-A->usv_2 ; Emergency-B->usv_2
[replan 06] Target-1->usv_2 ; Target-2->usv_2 ; Target-3->usv_1 ; Target-4->usv_1,usv_2 ; Target-5->usv_1 ; Target-6->usv_2 ; Target-7->usv_1 ; Target-8->usv_1,usv_2 ; Target-9->usv_2 ; Target-10->- ; Target-11->usv_2 ; Target-12->- ; Emergency-A->usv_2 ; Emergency-B->usv_2
[replan 07] Target-1->usv_2 ; Target-2->usv_2 ; Target-3->usv_1 ; Target-4->usv_1,usv_2 ; Target-5->usv_1 ; Target-6->usv_2 ; Target-7->usv_1 ; Target-8->usv_1,usv_2 ; Target-9->usv_2 ; Target-10->- ; Target-11->usv_2 ; Target-12->- ; Emergency-A->usv_2 ; Emergency-B->usv_1
[replan 08] Target-1->usv_2 ; Target-2->usv_2 ; Target-3->usv_1 ; Target-4->usv_1,usv_2 ; Target-5->usv_1 ; Target-6->usv_2 ; Target-7->usv_1 ; Target-8->usv_1,usv_2 ; Target-9->usv_2 ; Target-10->- ; Target-11->usv_1 ; Target-12->- ; Emergency-A->usv_1 ; Emergency-B->usv_2
[replan 09] Target-1->usv_2 ; Target-2->usv_2 ; Target-3->usv_1 ; Target-4->usv_1,usv_2 ; Target-5->usv_1 ; Target-6->usv_2 ; Target-7->usv_1 ; Target-8->usv_1,usv_2 ; Target-9->usv_2 ; Target-10->- ; Target-11->usv_1 ; Target-12->- ; Emergency-A->usv_1 ; Emergency-B->usv_2
[replan 10] Target-1->usv_2 ; Target-2->usv_2 ; Target-3->usv_1 ; Target-4->usv_1,usv_2 ; Target-5->usv_1 ; Target-6->usv_2 ; Target-7->usv_1 ; Target-8->usv_1,usv_2 ; Target-9->usv_2 ; Target-10->- ; Target-11->usv_2 ; Target-12->- ; Emergency-A->usv_2 ; Emergency-B->usv_1
[replan 11] Target-1->usv_2 ; Target-2->usv_2 ; Target-3->usv_1 ; Target-4->usv_1,usv_2 ; Target-5->usv_1 ; Target-6->usv_2 ; Target-7->usv_1 ; Target-8->usv_1,usv_2 ; Target-9->usv_2 ; Target-10->- ; Target-11->usv_2 ; Target-12->- ; Emergency-A->usv_1 ; Emergency-B->usv_2
[replan 12] Target-1->usv_2 ; Target-2->usv_2 ; Target-3->usv_1 ; Target-4->usv_1,usv_2 ; Target-5->usv_1 ; Target-6->usv_2 ; Target-7->usv_1 ; Target-8->usv_1,usv_2 ; Target-9->usv_2 ; Target-10->- ; Target-11->usv_2 ; Target-12->- ; Emergency-A->usv_1 ; Emergency-B->usv_2
[replan 13] Target-1->usv_2 ; Target-2->usv_2 ; Target-3->usv_1 ; Target-4->usv_1,usv_2 ; Target-5->usv_1 ; Target-6->usv_2 ; Target-7->usv_1 ; Target-8->usv_1,usv_2 ; Target-9->usv_2 ; Target-10->- ; Target-11->usv_2 ; Target-12->- ; Emergency-A->usv_1 ; Emergency-B->usv_2
