=== UAV-USV Mission Log ===
generated_at: 2026-03-01T10:51:04
seed: 143111740
algorithm: hierarchical_v1
reassign_algorithm: auction_cbba
scenario_profile: high-coupling
sea_area: 560m x 420m
obstacles: 4
tasks_total: 14
stage1_snapshot_step: 420
replans: 17
executed_steps: 490
coverage_rate: 0.9799
task_handling_rate: 1.0000
turn_events: 572
turn_index: 0.031744
load_balance_cv: 0.6033
mission_completion_time_s: 294.00
avg_response_time_s: 111.39
avg_processing_completion_time_s: 118.16

=== Extreme Event Metrics ===
extreme_event_enabled: true
extreme_event_fired: true
extreme_event_step: 60
extreme_event_time_s: 36.0000
extreme_event_destroyed_usv: usv_1
extreme_event_dispatch_uav: uav_1
emergency_task_label: Emergency-A
emergency_assess_time_s: 45.0000
emergency_first_response_time_s: 226.2000
emergency_complete_time_s: 228.0000
event_to_assess_s: 9.0000
event_to_first_replan_s: 0.0000
assess_to_first_replan_s: 0.0000
assess_to_first_response_s: 181.2000
assess_to_complete_s: 183.0000
coverage_at_event: 0.2237
coverage_at_event_plus_120s: 0.7297
coverage_recovery_120s: 0.5060
task_completion_at_event: 0.3333
task_completion_at_event_plus_120s: 0.6429
task_completion_gain_120s: 0.3095
turn_index_at_event: 0.0315
turn_index_at_event_plus_120s: 0.0270
turn_index_delta_120s: -0.0045

=== USV Load Balance ===
format: usv | travel_m | work_s | load_eq_m
usv_1 | 178.0 | 8.4 | 196.5
usv_2 | 1656.6 | 58.8 | 1786.0
usv_3 | 1872.5 | 36.0 | 1951.7

=== Task Definitions (14 tasks) ===
format: label | true_difficulty | known_difficulty | base_sec | discovered_by@time | pos(x,y)
Target-1 | 上(high) | 上(high) | 8.0s | high_coupling_init@0.0s | (522.5, 93.0)
Target-2 | 上(high) | 上(high) | 8.0s | high_coupling_init@0.0s | (243.3, 54.5)
Target-3 | 上(high) | 上(high) | 8.0s | high_coupling_init@0.0s | (141.0, 152.2)
Target-4 | 上(high) | 上(high) | 8.0s | high_coupling_init@0.0s | (102.1, 318.2)
Target-5 | 上(high) | 上(high) | 8.0s | high_coupling_init@0.0s | (43.8, 64.4)
Target-6 | 上(high) | 上(high) | 8.0s | high_coupling_init@0.0s | (407.2, 363.8)
Target-7 | 中(mid) | 中(mid) | 4.0s | high_coupling_init@0.0s | (149.1, 358.8)
Target-8 | 上(high) | 上(high) | 8.0s | high_coupling_init@0.0s | (458.8, 349.0)
Target-9 | 上(high) | 上(high) | 8.0s | high_coupling_init@0.0s | (412.8, 271.0)
Target-10 | 上(high) | 上(high) | 8.0s | high_coupling_init@0.0s | (378.7, 384.2)
Target-11 | 中(mid) | 中(mid) | 4.0s | high_coupling_init@0.0s | (202.7, 243.3)
Target-12 | 上(high) | 上(high) | 8.0s | high_coupling_init@0.0s | (481.4, 104.2)
Emergency-A | 下(low) | 下(low) | 2.0s | uav_1_event_assess@45.0s | (170.8, 200.0)
Emergency-B | 上(high) | 上(high) | 8.0s | uav_1_event_burst@45.0s | (173.9, 176.0)

=== Task Assignment (latest) ===
format: label | assignees | first_response | complete_time | progress/required | max_collab | status
Target-1 | usv_2 | 101.4s | 109.2s | 8.40/8.00 | 1 | DONE
Target-2 | usv_3 | 94.8s | 102.6s | 8.40/8.00 | 1 | DONE
Target-3 | - | 16.2s | 24.0s | 8.40/8.00 | 1 | DONE
Target-4 | usv_3 | 10.2s | 18.0s | 8.40/8.00 | 1 | DONE
Target-5 | usv_2 | 4.2s | 12.0s | 8.40/8.00 | 1 | DONE
Target-6 | usv_2 | 160.2s | 168.0s | 8.40/8.00 | 1 | DONE
Target-7 | usv_3 | 28.2s | 31.8s | 4.20/4.00 | 1 | DONE
Target-8 | usv_2 | 176.4s | 184.2s | 8.40/8.00 | 1 | DONE
Target-9 | usv_2 | 138.0s | 145.8s | 8.40/8.00 | 1 | DONE
Target-10 | usv_3 | 176.4s | 184.2s | 8.40/8.00 | 1 | DONE
Target-11 | usv_2 | 61.2s | 64.8s | 4.20/4.00 | 1 | DONE
Target-12 | usv_2 | 85.2s | 93.0s | 8.40/8.00 | 1 | DONE
Emergency-A | usv_2 | 226.2s | 228.0s | 2.40/2.00 | 1 | DONE
Emergency-B | usv_2 | 280.8s | 288.6s | 8.40/8.00 | 1 | DONE

=== Assignment History By Replan ===
[replan 01] Target-1->usv_2 ; Target-2->usv_2 ; Target-3->usv_1 ; Target-4->usv_3 ; Target-5->usv_2 ; Target-6->usv_3 ; Target-7->usv_3 ; Target-8->usv_3 ; Target-9->usv_3 ; Target-10->usv_3 ; Target-11->usv_1 ; Target-12->usv_2 ; Emergency-A->- ; Emergency-B->-
[replan 02] Target-1->usv_1 ; Target-2->usv_1 ; Target-3->usv_1 ; Target-4->usv_3 ; Target-5->usv_2 ; Target-6->usv_3 ; Target-7->usv_3 ; Target-8->usv_3 ; Target-9->usv_1 ; Target-10->usv_3 ; Target-11->usv_1 ; Target-12->usv_1 ; Emergency-A->- ; Emergency-B->-
[replan 03] Target-1->usv_2 ; Target-2->usv_2 ; Target-3->- ; Target-4->usv_3 ; Target-5->usv_2 ; Target-6->usv_3 ; Target-7->usv_3 ; Target-8->usv_3 ; Target-9->usv_3 ; Target-10->usv_3 ; Target-11->usv_3 ; Target-12->usv_2 ; Emergency-A->- ; Emergency-B->-
[replan 04] Target-1->usv_2 ; Target-2->usv_3 ; Target-3->- ; Target-4->usv_3 ; Target-5->usv_2 ; Target-6->usv_3 ; Target-7->usv_3 ; Target-8->usv_2 ; Target-9->usv_3 ; Target-10->usv_3 ; Target-11->usv_2 ; Target-12->usv_2,usv_3 ; Emergency-A->usv_2 ; Emergency-B->usv_2
[replan 05] Target-1->usv_2 ; Target-2->usv_3 ; Target-3->- ; Target-4->usv_3 ; Target-5->usv_2 ; Target-6->usv_3 ; Target-7->usv_3 ; Target-8->usv_2 ; Target-9->usv_3 ; Target-10->usv_3 ; Target-11->usv_2 ; Target-12->usv_2,usv_3 ; Emergency-A->usv_3 ; Emergency-B->usv_2
[replan 06] Target-1->usv_2 ; Target-2->usv_3 ; Target-3->- ; Target-4->usv_3 ; Target-5->usv_2 ; Target-6->usv_2 ; Target-7->usv_3 ; Target-8->usv_3 ; Target-9->usv_2 ; Target-10->usv_3 ; Target-11->usv_2 ; Target-12->usv_2,usv_3 ; Emergency-A->usv_3 ; Emergency-B->usv_3
[replan 07] Target-1->usv_2 ; Target-2->usv_3 ; Target-3->- ; Target-4->usv_3 ; Target-5->usv_2 ; Target-6->usv_2 ; Target-7->usv_3 ; Target-8->usv_3 ; Target-9->usv_2 ; Target-10->usv_3 ; Target-11->usv_2 ; Target-12->usv_2 ; Emergency-A->usv_3 ; Emergency-B->usv_2
[replan 08] Target-1->usv_2 ; Target-2->usv_3 ; Target-3->- ; Target-4->usv_3 ; Target-5->usv_2 ; Target-6->usv_2 ; Target-7->usv_3 ; Target-8->usv_3 ; Target-9->usv_2 ; Target-10->usv_3 ; Target-11->usv_2 ; Target-12->usv_2 ; Emergency-A->usv_3 ; Emergency-B->usv_2
[replan 09] Target-1->usv_2 ; Target-2->usv_3 ; Target-3->- ; Target-4->usv_3 ; Target-5->usv_2 ; Target-6->usv_2 ; Target-7->usv_3 ; Target-8->usv_3 ; Target-9->usv_2 ; Target-10->usv_3 ; Target-11->usv_2 ; Target-12->usv_2 ; Emergency-A->usv_3 ; Emergency-B->usv_2
[replan 10] Target-1->usv_2 ; Target-2->usv_3 ; Target-3->- ; Target-4->usv_3 ; Target-5->usv_2 ; Target-6->usv_2 ; Target-7->usv_3 ; Target-8->usv_3 ; Target-9->usv_2 ; Target-10->usv_2 ; Target-11->usv_2 ; Target-12->usv_2 ; Emergency-A->usv_3 ; Emergency-B->usv_3
[replan 11] Target-1->usv_2 ; Target-2->usv_3 ; Target-3->- ; Target-4->usv_3 ; Target-5->usv_2 ; Target-6->usv_2 ; Target-7->usv_3 ; Target-8->usv_2 ; Target-9->usv_2 ; Target-10->usv_3 ; Target-11->usv_2 ; Target-12->usv_2 ; Emergency-A->usv_2 ; Emergency-B->usv_3
[replan 12] Target-1->usv_2 ; Target-2->usv_3 ; Target-3->- ; Target-4->usv_3 ; Target-5->usv_2 ; Target-6->usv_2 ; Target-7->usv_3 ; Target-8->usv_2 ; Target-9->usv_2 ; Target-10->usv_3 ; Target-11->usv_2 ; Target-12->usv_2 ; Emergency-A->usv_2 ; Emergency-B->usv_3
[replan 13] Target-1->usv_2 ; Target-2->usv_3 ; Target-3->- ; Target-4->usv_3 ; Target-5->usv_2 ; Target-6->usv_2 ; Target-7->usv_3 ; Target-8->usv_2 ; Target-9->usv_2 ; Target-10->usv_3 ; Target-11->usv_2 ; Target-12->usv_2 ; Emergency-A->usv_2 ; Emergency-B->usv_3
[replan 14] Target-1->usv_2 ; Target-2->usv_3 ; Target-3->- ; Target-4->usv_3 ; Target-5->usv_2 ; Target-6->usv_2 ; Target-7->usv_3 ; Target-8->usv_2 ; Target-9->usv_2 ; Target-10->usv_3 ; Target-11->usv_2 ; Target-12->usv_2 ; Emergency-A->usv_2 ; Emergency-B->usv_3
[replan 15] Target-1->usv_2 ; Target-2->usv_3 ; Target-3->- ; Target-4->usv_3 ; Target-5->usv_2 ; Target-6->usv_2 ; Target-7->usv_3 ; Target-8->usv_2 ; Target-9->usv_2 ; Target-10->usv_3 ; Target-11->usv_2 ; Target-12->usv_2 ; Emergency-A->usv_2 ; Emergency-B->usv_3
[replan 16] Target-1->usv_2 ; Target-2->usv_3 ; Target-3->- ; Target-4->usv_3 ; Target-5->usv_2 ; Target-6->usv_2 ; Target-7->usv_3 ; Target-8->usv_2 ; Target-9->usv_2 ; Target-10->usv_3 ; Target-11->usv_2 ; Target-12->usv_2 ; Emergency-A->usv_2 ; Emergency-B->usv_2
[replan 17] Target-1->usv_2 ; Target-2->usv_3 ; Target-3->- ; Target-4->usv_3 ; Target-5->usv_2 ; Target-6->usv_2 ; Target-7->usv_3 ; Target-8->usv_2 ; Target-9->usv_2 ; Target-10->usv_3 ; Target-11->usv_2 ; Target-12->usv_2 ; Emergency-A->usv_2 ; Emergency-B->usv_2
