=== UAV-USV Mission Log ===
generated_at: 2026-03-01T10:48:40
seed: 1501135398
algorithm: hierarchical_v1
reassign_algorithm: auction_cbba
scenario_profile: high-coupling
sea_area: 560m x 420m
obstacles: 4
tasks_total: 14
stage1_snapshot_step: 420
replans: 45
executed_steps: 2200
coverage_rate: 1.0000
task_handling_rate: 0.9286
turn_events: 1868
turn_index: 0.077623
load_balance_cv: 1.1830
mission_completion_time_s: 1320.00
avg_response_time_s: 81.18
avg_processing_completion_time_s: 87.09

=== Extreme Event Metrics ===
extreme_event_enabled: true
extreme_event_fired: true
extreme_event_step: 53
extreme_event_time_s: 31.8000
extreme_event_destroyed_usv: usv_3
extreme_event_dispatch_uav: uav_1
emergency_task_label: Emergency-A
emergency_assess_time_s: 48.0000
emergency_first_response_time_s: 87.6000
emergency_complete_time_s: 89.4000
event_to_assess_s: 16.2000
event_to_first_replan_s: 4.2000
assess_to_first_replan_s: 0.0000
assess_to_first_response_s: 39.6000
assess_to_complete_s: 41.4000
coverage_at_event: 0.2095
coverage_at_event_plus_120s: 0.7129
coverage_recovery_120s: 0.5034
task_completion_at_event: 0.4167
task_completion_at_event_plus_120s: 0.7143
task_completion_gain_120s: 0.2976
turn_index_at_event: 0.0151
turn_index_at_event_plus_120s: 0.0245
turn_index_delta_120s: 0.0093

=== USV Load Balance ===
format: usv | travel_m | work_s | load_eq_m
usv_1 | 543.8 | 15.0 | 576.8
usv_2 | 5513.3 | 52.8 | 5629.4
usv_3 | 85.8 | 16.8 | 122.8

=== Task Definitions (14 tasks) ===
format: label | true_difficulty | known_difficulty | base_sec | discovered_by@time | pos(x,y)
Target-1 | 上(high) | 上(high) | 8.0s | high_coupling_init@0.0s | (280.7, 78.6)
Target-2 | 上(high) | 上(high) | 8.0s | high_coupling_init@0.0s | (421.0, 202.4)
Target-3 | 中(mid) | 中(mid) | 4.0s | high_coupling_init@0.0s | (33.4, 183.1)
Target-4 | 上(high) | 上(high) | 8.0s | high_coupling_init@0.0s | (487.1, 53.3)
Target-5 | 上(high) | 上(high) | 8.0s | high_coupling_init@0.0s | (72.3, 159.2)
Target-6 | 中(mid) | 中(mid) | 4.0s | high_coupling_init@0.0s | (215.7, 181.5)
Target-7 | 上(high) | 上(high) | 8.0s | high_coupling_init@0.0s | (401.3, 38.6)
Target-8 | 上(high) | 上(high) | 8.0s | high_coupling_init@0.0s | (519.5, 187.0)
Target-9 | 下(low) | 下(low) | 2.0s | high_coupling_init@0.0s | (225.7, 117.1)
Target-10 | 上(high) | 上(high) | 8.0s | high_coupling_init@0.0s | (77.9, 365.8)
Target-11 | 中(mid) | 中(mid) | 4.0s | high_coupling_init@0.0s | (398.6, 278.7)
Target-12 | 上(high) | 上(high) | 8.0s | high_coupling_init@0.0s | (125.3, 361.2)
Emergency-A | 下(low) | 下(low) | 2.0s | uav_1_event_assess@48.0s | (119.0, 363.2)
Emergency-B | 上(high) | 上(high) | 8.0s | uav_1_event_burst@48.0s | (127.0, 386.9)

=== Task Assignment (latest) ===
format: label | assignees | first_response | complete_time | progress/required | max_collab | status
Target-1 | usv_2 | 58.8s | 66.6s | 8.40/8.00 | 1 | DONE
Target-2 | usv_2 | 187.8s | 195.6s | 8.40/8.00 | 1 | DONE
Target-3 | usv_1 | 1.8s | 5.4s | 4.20/4.00 | 1 | DONE
Target-4 | usv_2 | 139.2s | 147.0s | 8.40/8.00 | 1 | DONE
Target-5 | usv_1 | 13.2s | 21.0s | 8.40/8.00 | 1 | DONE
Target-6 | usv_2 | 37.8s | 41.4s | 4.20/4.00 | 1 | DONE
Target-7 | usv_2 | 103.2s | 111.0s | 8.40/8.00 | 1 | DONE
Target-8 | usv_1,usv_2 | 165.6s | 173.4s | 8.40/8.00 | 1 | DONE
Target-9 | usv_2 | 25.8s | 27.6s | 2.40/2.00 | 1 | DONE
Target-10 | - | 5.4s | 13.2s | 8.40/8.00 | 1 | DONE
Target-11 | usv_2 | 207.6s | 211.2s | 4.20/4.00 | 1 | DONE
Target-12 | - | 21.6s | 29.4s | 8.40/8.00 | 1 | DONE
Emergency-A | usv_1 | 87.6s | 89.4s | 2.40/2.00 | 1 | DONE
Emergency-B | usv_1 | - | - | 0.00/8.00 | 0 | PENDING

=== Assignment History By Replan ===
[replan 01] Target-1->usv_2 ; Target-2->usv_1 ; Target-3->usv_1 ; Target-4->usv_2 ; Target-5->usv_1 ; Target-6->usv_1 ; Target-7->usv_2 ; Target-8->usv_1 ; Target-9->usv_2 ; Target-10->usv_3 ; Target-11->usv_3 ; Target-12->usv_3 ; Emergency-A->- ; Emergency-B->-
[replan 02] Target-1->usv_2 ; Target-2->usv_2 ; Target-3->usv_1 ; Target-4->usv_2 ; Target-5->usv_1 ; Target-6->usv_2 ; Target-7->usv_2 ; Target-8->usv_2 ; Target-9->usv_2 ; Target-10->usv_3 ; Target-11->usv_2 ; Target-12->usv_3 ; Emergency-A->- ; Emergency-B->-
[replan 03] Target-1->usv_2 ; Target-2->usv_2 ; Target-3->usv_1 ; Target-4->usv_2 ; Target-5->usv_1 ; Target-6->usv_2 ; Target-7->usv_2 ; Target-8->usv_2 ; Target-9->usv_2 ; Target-10->- ; Target-11->usv_2 ; Target-12->- ; Emergency-A->- ; Emergency-B->-
[replan 04] Target-1->usv_2 ; Target-2->usv_2 ; Target-3->usv_1 ; Target-4->usv_2 ; Target-5->usv_1 ; Target-6->usv_2 ; Target-7->usv_2 ; Target-8->usv_2 ; Target-9->usv_2 ; Target-10->- ; Target-11->usv_2 ; Target-12->- ; Emergency-A->usv_2 ; Emergency-B->usv_2
[replan 05] Target-1->usv_2 ; Target-2->usv_2 ; Target-3->usv_1 ; Target-4->usv_2 ; Target-5->usv_1 ; Target-6->usv_2 ; Target-7->usv_2 ; Target-8->usv_2 ; Target-9->usv_2 ; Target-10->- ; Target-11->usv_2 ; Target-12->- ; Emergency-A->usv_1 ; Emergency-B->usv_2
[replan 06] Target-1->usv_2 ; Target-2->usv_2 ; Target-3->usv_1 ; Target-4->usv_2 ; Target-5->usv_1 ; Target-6->usv_2 ; Target-7->usv_2 ; Target-8->usv_2 ; Target-9->usv_2 ; Target-10->- ; Target-11->usv_2 ; Target-12->- ; Emergency-A->usv_1 ; Emergency-B->usv_1
[replan 07] Target-1->usv_2 ; Target-2->usv_2 ; Target-3->usv_1 ; Target-4->usv_2 ; Target-5->usv_1 ; Target-6->usv_2 ; Target-7->usv_2 ; Target-8->usv_2 ; Target-9->usv_2 ; Target-10->- ; Target-11->usv_2 ; Target-12->- ; Emergency-A->usv_1 ; Emergency-B->usv_1
[replan 08] Target-1->usv_2 ; Target-2->usv_2 ; Target-3->usv_1 ; Target-4->usv_1,usv_2 ; Target-5->usv_1 ; Target-6->usv_2 ; Target-7->usv_2 ; Target-8->usv_1,usv_2 ; Target-9->usv_2 ; Target-10->- ; Target-11->usv_2 ; Target-12->- ; Emergency-A->usv_1 ; Emergency-B->usv_1
[replan 09] Target-1->usv_2 ; Target-2->usv_2 ; Target-3->usv_1 ; Target-4->usv_1,usv_2 ; Target-5->usv_1 ; Target-6->usv_2 ; Target-7->usv_2 ; Target-8->usv_1,usv_2 ; Target-9->usv_2 ; Target-10->- ; Target-11->usv_2 ; Target-12->- ; Emergency-A->usv_1 ; Emergency-B->usv_1
[replan 10] Target-1->usv_2 ; Target-2->usv_2 ; Target-3->usv_1 ; Target-4->usv_2 ; Target-5->usv_1 ; Target-6->usv_2 ; Target-7->usv_2 ; Target-8->usv_1,usv_2 ; Target-9->usv_2 ; Target-10->- ; Target-11->usv_2 ; Target-12->- ; Emergency-A->usv_1 ; Emergency-B->usv_1
[replan 11] Target-1->usv_2 ; Target-2->usv_2 ; Target-3->usv_1 ; Target-4->usv_2 ; Target-5->usv_1 ; Target-6->usv_2 ; Target-7->usv_2 ; Target-8->usv_1,usv_2 ; Target-9->usv_2 ; Target-10->- ; Target-11->usv_2 ; Target-12->- ; Emergency-A->usv_1 ; Emergency-B->usv_1
[replan 12] Target-1->usv_2 ; Target-2->usv_2 ; Target-3->usv_1 ; Target-4->usv_2 ; Target-5->usv_1 ; Target-6->usv_2 ; Target-7->usv_2 ; Target-8->usv_1,usv_2 ; Target-9->usv_2 ; Target-10->- ; Target-11->usv_2 ; Target-12->- ; Emergency-A->usv_1 ; Emergency-B->usv_1
[replan 13] Target-1->usv_2 ; Target-2->usv_2 ; Target-3->usv_1 ; Target-4->usv_2 ; Target-5->usv_1 ; Target-6->usv_2 ; Target-7->usv_2 ; Target-8->usv_1,usv_2 ; Target-9->usv_2 ; Target-10->- ; Target-11->usv_2 ; Target-12->- ; Emergency-A->usv_1 ; Emergency-B->usv_1
[replan 14] Target-1->usv_2 ; Target-2->usv_2 ; Target-3->usv_1 ; Target-4->usv_2 ; Target-5->usv_1 ; Target-6->usv_2 ; Target-7->usv_2 ; Target-8->usv_1,usv_2 ; Target-9->usv_2 ; Target-10->- ; Target-11->usv_2 ; Target-12->- ; Emergency-A->usv_1 ; Emergency-B->usv_1
[replan 15] Target-1->usv_2 ; Target-2->usv_2 ; Target-3->usv_1 ; Target-4->usv_2 ; Target-5->usv_1 ; Target-6->usv_2 ; Target-7->usv_2 ; Target-8->usv_1,usv_2 ; Target-9->usv_2 ; Target-10->- ; Target-11->usv_2 ; Target-12->- ; Emergency-A->usv_1 ; Emergency-B->usv_1
[replan 16] Target-1->usv_2 ; Target-2->usv_2 ; Target-3->usv_1 ; Target-4->usv_2 ; Target-5->usv_1 ; Target-6->usv_2 ; Target-7->usv_2 ; Target-8->usv_1,usv_2 ; Target-9->usv_2 ; Target-10->- ; Target-11->usv_2 ; Target-12->- ; Emergency-A->usv_1 ; Emergency-B->usv_1
[replan 17] Target-1->usv_2 ; Target-2->usv_2 ; Target-3->usv_1 ; Target-4->usv_2 ; Target-5->usv_1 ; Target-6->usv_2 ; Target-7->usv_2 ; Target-8->usv_1,usv_2 ; Target-9->usv_2 ; Target-10->- ; Target-11->usv_2 ; Target-12->- ; Emergency-A->usv_1 ; Emergency-B->usv_1
[replan 18] Target-1->usv_2 ; Target-2->usv_2 ; Target-3->usv_1 ; Target-4->usv_2 ; Target-5->usv_1 ; Target-6->usv_2 ; Target-7->usv_2 ; Target-8->usv_1,usv_2 ; Target-9->usv_2 ; Target-10->- ; Target-11->usv_2 ; Target-12->- ; Emergency-A->usv_1 ; Emergency-B->usv_1
[replan 19] Target-1->usv_2 ; Target-2->usv_2 ; Target-3->usv_1 ; Target-4->usv_2 ; Target-5->usv_1 ; Target-6->usv_2 ; Target-7->usv_2 ; Target-8->usv_1,usv_2 ; Target-9->usv_2 ; Target-10->- ; Target-11->usv_2 ; Target-12->- ; Emergency-A->usv_1 ; Emergency-B->usv_1
[replan 20] Target-1->usv_2 ; Target-2->usv_2 ; Target-3->usv_1 ; Target-4->usv_2 ; Target-5->usv_1 ; Target-6->usv_2 ; Target-7->usv_2 ; Target-8->usv_1,usv_2 ; Target-9->usv_2 ; Target-10->- ; Target-11->usv_2 ; Target-12->- ; Emergency-A->usv_1 ; Emergency-B->usv_1
[replan 21] Target-1->usv_2 ; Target-2->usv_2 ; Target-3->usv_1 ; Target-4->usv_2 ; Target-5->usv_1 ; Target-6->usv_2 ; Target-7->usv_2 ; Target-8->usv_1,usv_2 ; Target-9->usv_2 ; Target-10->- ; Target-11->usv_2 ; Target-12->- ; Emergency-A->usv_1 ; Emergency-B->usv_1
[replan 22] Target-1->usv_2 ; Target-2->usv_2 ; Target-3->usv_1 ; Target-4->usv_2 ; Target-5->usv_1 ; Target-6->usv_2 ; Target-7->usv_2 ; Target-8->usv_1,usv_2 ; Target-9->usv_2 ; Target-10->- ; Target-11->usv_2 ; Target-12->- ; Emergency-A->usv_1 ; Emergency-B->usv_1
[replan 23] Target-1->usv_2 ; Target-2->usv_2 ; Target-3->usv_1 ; Target-4->usv_2 ; Target-5->usv_1 ; Target-6->usv_2 ; Target-7->usv_2 ; Target-8->usv_1,usv_2 ; Target-9->usv_2 ; Target-10->- ; Target-11->usv_2 ; Target-12->- ; Emergency-A->usv_1 ; Emergency-B->usv_1
[replan 24] Target-1->usv_2 ; Target-2->usv_2 ; Target-3->usv_1 ; Target-4->usv_2 ; Target-5->usv_1 ; Target-6->usv_2 ; Target-7->usv_2 ; Target-8->usv_1,usv_2 ; Target-9->usv_2 ; Target-10->- ; Target-11->usv_2 ; Target-12->- ; Emergency-A->usv_1 ; Emergency-B->usv_1
[replan 25] Target-1->usv_2 ; Target-2->usv_2 ; Target-3->usv_1 ; Target-4->usv_2 ; Target-5->usv_1 ; Target-6->usv_2 ; Target-7->usv_2 ; Target-8->usv_1,usv_2 ; Target-9->usv_2 ; Target-10->- ; Target-11->usv_2 ; Target-12->- ; Emergency-A->usv_1 ; Emergency-B->usv_1
[replan 26] Target-1->usv_2 ; Target-2->usv_2 ; Target-3->usv_1 ; Target-4->usv_2 ; Target-5->usv_1 ; Target-6->usv_2 ; Target-7->usv_2 ; Target-8->usv_1,usv_2 ; Target-9->usv_2 ; Target-10->- ; Target-11->usv_2 ; Target-12->- ; Emergency-A->usv_1 ; Emergency-B->usv_1
[replan 27] Target-1->usv_2 ; Target-2->usv_2 ; Target-3->usv_1 ; Target-4->usv_2 ; Target-5->usv_1 ; Target-6->usv_2 ; Target-7->usv_2 ; Target-8->usv_1,usv_2 ; Target-9->usv_2 ; Target-10->- ; Target-11->usv_2 ; Target-12->- ; Emergency-A->usv_1 ; Emergency-B->usv_1
[replan 28] Target-1->usv_2 ; Target-2->usv_2 ; Target-3->usv_1 ; Target-4->usv_2 ; Target-5->usv_1 ; Target-6->usv_2 ; Target-7->usv_2 ; Target-8->usv_1,usv_2 ; Target-9->usv_2 ; Target-10->- ; Target-11->usv_2 ; Target-12->- ; Emergency-A->usv_1 ; Emergency-B->usv_1
[replan 29] Target-1->usv_2 ; Target-2->usv_2 ; Target-3->usv_1 ; Target-4->usv_2 ; Target-5->usv_1 ; Target-6->usv_2 ; Target-7->usv_2 ; Target-8->usv_1,usv_2 ; Target-9->usv_2 ; Target-10->- ; Target-11->usv_2 ; Target-12->- ; Emergency-A->usv_1 ; Emergency-B->usv_1
[replan 30] Target-1->usv_2 ; Target-2->usv_2 ; Target-3->usv_1 ; Target-4->usv_2 ; Target-5->usv_1 ; Target-6->usv_2 ; Target-7->usv_2 ; Target-8->usv_1,usv_2 ; Target-9->usv_2 ; Target-10->- ; Target-11->usv_2 ; Target-12->- ; Emergency-A->usv_1 ; Emergency-B->usv_1
[replan 31] Target-1->usv_2 ; Target-2->usv_2 ; Target-3->usv_1 ; Target-4->usv_2 ; Target-5->usv_1 ; Target-6->usv_2 ; Target-7->usv_2 ; Target-8->usv_1,usv_2 ; Target-9->usv_2 ; Target-10->- ; Target-11->usv_2 ; Target-12->- ; Emergency-A->usv_1 ; Emergency-B->usv_1
[replan 32] Target-1->usv_2 ; Target-2->usv_2 ; Target-3->usv_1 ; Target-4->usv_2 ; Target-5->usv_1 ; Target-6->usv_2 ; Target-7->usv_2 ; Target-8->usv_1,usv_2 ; Target-9->usv_2 ; Target-10->- ; Target-11->usv_2 ; Target-12->- ; Emergency-A->usv_1 ; Emergency-B->usv_1
[replan 33] Target-1->usv_2 ; Target-2->usv_2 ; Target-3->usv_1 ; Target-4->usv_2 ; Target-5->usv_1 ; Target-6->usv_2 ; Target-7->usv_2 ; Target-8->usv_1,usv_2 ; Target-9->usv_2 ; Target-10->- ; Target-11->usv_2 ; Target-12->- ; Emergency-A->usv_1 ; Emergency-B->usv_1
[replan 34] Target-1->usv_2 ; Target-2->usv_2 ; Target-3->usv_1 ; Target-4->usv_2 ; Target-5->usv_1 ; Target-6->usv_2 ; Target-7->usv_2 ; Target-8->usv_1,usv_2 ; Target-9->usv_2 ; Target-10->- ; Target-11->usv_2 ; Target-12->- ; Emergency-A->usv_1 ; Emergency-B->usv_1
[replan 35] Target-1->usv_2 ; Target-2->usv_2 ; Target-3->usv_1 ; Target-4->usv_2 ; Target-5->usv_1 ; Target-6->usv_2 ; Target-7->usv_2 ; Target-8->usv_1,usv_2 ; Target-9->usv_2 ; Target-10->- ; Target-11->usv_2 ; Target-12->- ; Emergency-A->usv_1 ; Emergency-B->usv_1
[replan 36] Target-1->usv_2 ; Target-2->usv_2 ; Target-3->usv_1 ; Target-4->usv_2 ; Target-5->usv_1 ; Target-6->usv_2 ; Target-7->usv_2 ; Target-8->usv_1,usv_2 ; Target-9->usv_2 ; Target-10->- ; Target-11->usv_2 ; Target-12->- ; Emergency-A->usv_1 ; Emergency-B->usv_1
[replan 37] Target-1->usv_2 ; Target-2->usv_2 ; Target-3->usv_1 ; Target-4->usv_2 ; Target-5->usv_1 ; Target-6->usv_2 ; Target-7->usv_2 ; Target-8->usv_1,usv_2 ; Target-9->usv_2 ; Target-10->- ; Target-11->usv_2 ; Target-12->- ; Emergency-A->usv_1 ; Emergency-B->usv_1
[replan 38] Target-1->usv_2 ; Target-2->usv_2 ; Target-3->usv_1 ; Target-4->usv_2 ; Target-5->usv_1 ; Target-6->usv_2 ; Target-7->usv_2 ; Target-8->usv_1,usv_2 ; Target-9->usv_2 ; Target-10->- ; Target-11->usv_2 ; Target-12->- ; Emergency-A->usv_1 ; Emergency-B->usv_1
[replan 39] Target-1->usv_2 ; Target-2->usv_2 ; Target-3->usv_1 ; Target-4->usv_2 ; Target-5->usv_1 ; Target-6->usv_2 ; Target-7->usv_2 ; Target-8->usv_1,usv_2 ; Target-9->usv_2 ; Target-10->- ; Target-11->usv_2 ; Target-12->- ; Emergency-A->usv_1 ; Emergency-B->usv_1
[replan 40] Target-1->usv_2 ; Target-2->usv_2 ; Target-3->usv_1 ; Target-4->usv_2 ; Target-5->usv_1 ; Target-6->usv_2 ; Target-7->usv_2 ; Target-8->usv_1,usv_2 ; Target-9->usv_2 ; Target-10->- ; Target-11->usv_2 ; Target-12->- ; Emergency-A->usv_1 ; Emergency-B->usv_1
[replan 41] Target-1->usv_2 ; Target-2->usv_2 ; Target-3->usv_1 ; Target-4->usv_2 ; Target-5->usv_1 ; Target-6->usv_2 ; Target-7->usv_2 ; Target-8->usv_1,usv_2 ; Target-9->usv_2 ; Target-10->- ; Target-11->usv_2 ; Target-12->- ; Emergency-A->usv_1 ; Emergency-B->usv_1
[replan 42] Target-1->usv_2 ; Target-2->usv_2 ; Target-3->usv_1 ; Target-4->usv_2 ; Target-5->usv_1 ; Target-6->usv_2 ; Target-7->usv_2 ; Target-8->usv_1,usv_2 ; Target-9->usv_2 ; Target-10->- ; Target-11->usv_2 ; Target-12->- ; Emergency-A->usv_1 ; Emergency-B->usv_1
[replan 43] Target-1->usv_2 ; Target-2->usv_2 ; Target-3->usv_1 ; Target-4->usv_2 ; Target-5->usv_1 ; Target-6->usv_2 ; Target-7->usv_2 ; Target-8->usv_1,usv_2 ; Target-9->usv_2 ; Target-10->- ; Target-11->usv_2 ; Target-12->- ; Emergency-A->usv_1 ; Emergency-B->usv_1
[replan 44] Target-1->usv_2 ; Target-2->usv_2 ; Target-3->usv_1 ; Target-4->usv_2 ; Target-5->usv_1 ; Target-6->usv_2 ; Target-7->usv_2 ; Target-8->usv_1,usv_2 ; Target-9->usv_2 ; Target-10->- ; Target-11->usv_2 ; Target-12->- ; Emergency-A->usv_1 ; Emergency-B->usv_1
[replan 45] Target-1->usv_2 ; Target-2->usv_2 ; Target-3->usv_1 ; Target-4->usv_2 ; Target-5->usv_1 ; Target-6->usv_2 ; Target-7->usv_2 ; Target-8->usv_1,usv_2 ; Target-9->usv_2 ; Target-10->- ; Target-11->usv_2 ; Target-12->- ; Emergency-A->usv_1 ; Emergency-B->usv_1
