=== UAV-USV Mission Log ===
generated_at: 2026-03-01T10:49:08
seed: 143111740
algorithm: hierarchical_v1
reassign_algorithm: auction_cbba
scenario_profile: high-coupling
sea_area: 560m x 420m
obstacles: 4
tasks_total: 14
stage1_snapshot_step: 420
replans: 45
executed_steps: 2200
coverage_rate: 1.0000
task_handling_rate: 0.9286
turn_events: 1909
turn_index: 0.073175
load_balance_cv: 1.1539
mission_completion_time_s: 1320.00
avg_response_time_s: 79.62
avg_processing_completion_time_s: 86.63

=== Extreme Event Metrics ===
extreme_event_enabled: true
extreme_event_fired: true
extreme_event_step: 60
extreme_event_time_s: 36.0000
extreme_event_destroyed_usv: usv_1
extreme_event_dispatch_uav: uav_1
emergency_task_label: Emergency-A
emergency_assess_time_s: 45.0000
emergency_first_response_time_s: 107.4000
emergency_complete_time_s: 109.2000
event_to_assess_s: 9.0000
event_to_first_replan_s: 0.0000
assess_to_first_replan_s: 0.0000
assess_to_first_response_s: 62.4000
assess_to_complete_s: 64.2000
coverage_at_event: 0.2237
coverage_at_event_plus_120s: 0.7415
coverage_recovery_120s: 0.5178
task_completion_at_event: 0.3333
task_completion_at_event_plus_120s: 0.7857
task_completion_gain_120s: 0.4524
turn_index_at_event: 0.0315
turn_index_at_event_plus_120s: 0.0240
turn_index_delta_120s: -0.0074

=== USV Load Balance ===
format: usv | travel_m | work_s | load_eq_m
usv_1 | 178.0 | 8.4 | 196.5
usv_2 | 567.4 | 27.6 | 628.1
usv_3 | 5686.8 | 63.0 | 5825.4

=== Task Definitions (14 tasks) ===
format: label | true_difficulty | known_difficulty | base_sec | discovered_by@time | pos(x,y)
Target-1 | 上(high) | 上(high) | 8.0s | high_coupling_init@0.0s | (522.5, 93.0)
Target-2 | 上(high) | 上(high) | 8.0s | high_coupling_init@0.0s | (243.3, 54.5)
Target-3 | 上(high) | 上(high) | 8.0s | high_coupling_init@0.0s | (141.0, 152.2)
Target-4 | 上(high) | 上(high) | 8.0s | high_coupling_init@0.0s | (102.1, 318.2)
Target-5 | 上(high) | 上(high) | 8.0s | high_coupling_init@0.0s | (43.8, 64.4)
Target-6 | 上(high) | 上(high) | 8.0s | high_coupling_init@0.0s | (407.2, 363.8)
Target-7 | 中(mid) | 中(mid) | 4.0s | high_coupling_init@0.0s | (149.1, 358.8)
Target-8 | 上(high) | 上(high) | 8.0s | high_coupling_init@0.0s | (458.8, 349.0)
Target-9 | 上(high) | 上(high) | 8.0s | high_coupling_init@0.0s | (412.8, 271.0)
Target-10 | 上(high) | 上(high) | 8.0s | high_coupling_init@0.0s | (378.7, 384.2)
Target-11 | 中(mid) | 中(mid) | 4.0s | high_coupling_init@0.0s | (202.7, 243.3)
Target-12 | 上(high) | 上(high) | 8.0s | high_coupling_init@0.0s | (481.4, 104.2)
Emergency-A | 下(low) | 下(low) | 2.0s | uav_1_event_assess@45.0s | (170.8, 200.0)
Emergency-B | 上(high) | 上(high) | 8.0s | uav_1_event_burst@45.0s | (173.9, 176.0)

=== Task Assignment (latest) ===
format: label | assignees | first_response | complete_time | progress/required | max_collab | status
Target-1 | usv_3 | 151.8s | 159.6s | 8.40/8.00 | 1 | DONE
Target-2 | usv_2 | 60.0s | 67.8s | 8.40/8.00 | 1 | DONE
Target-3 | - | 16.2s | 24.0s | 8.40/8.00 | 1 | DONE
Target-4 | usv_3 | 10.2s | 18.0s | 8.40/8.00 | 1 | DONE
Target-5 | usv_2 | 4.2s | 12.0s | 8.40/8.00 | 1 | DONE
Target-6 | usv_3 | 77.4s | 85.2s | 8.40/8.00 | 1 | DONE
Target-7 | usv_3 | 28.2s | 31.8s | 4.20/4.00 | 1 | DONE
Target-8 | usv_3 | 94.8s | 102.6s | 8.40/8.00 | 1 | DONE
Target-9 | usv_3 | 189.6s | 197.4s | 8.40/8.00 | 1 | DONE
Target-10 | usv_3 | 63.0s | 70.8s | 8.40/8.00 | 1 | DONE
Target-11 | usv_2 | - | - | 0.00/4.00 | 0 | PENDING
Target-12 | usv_3 | 136.8s | 144.6s | 8.40/8.00 | 1 | DONE
Emergency-A | usv_2 | 107.4s | 109.2s | 2.40/2.00 | 1 | DONE
Emergency-B | usv_2 | 95.4s | 103.2s | 8.40/8.00 | 1 | DONE

=== Assignment History By Replan ===
[replan 01] Target-1->usv_2 ; Target-2->usv_2 ; Target-3->usv_1 ; Target-4->usv_3 ; Target-5->usv_2 ; Target-6->usv_3 ; Target-7->usv_3 ; Target-8->usv_3 ; Target-9->usv_3 ; Target-10->usv_3 ; Target-11->usv_1 ; Target-12->usv_2 ; Emergency-A->- ; Emergency-B->-
[replan 02] Target-1->usv_1 ; Target-2->usv_1 ; Target-3->usv_1 ; Target-4->usv_3 ; Target-5->usv_2 ; Target-6->usv_3 ; Target-7->usv_3 ; Target-8->usv_3 ; Target-9->usv_1 ; Target-10->usv_3 ; Target-11->usv_1 ; Target-12->usv_1 ; Emergency-A->- ; Emergency-B->-
[replan 03] Target-1->usv_2 ; Target-2->usv_2 ; Target-3->- ; Target-4->usv_3 ; Target-5->usv_2 ; Target-6->usv_3 ; Target-7->usv_3 ; Target-8->usv_3 ; Target-9->usv_3 ; Target-10->usv_3 ; Target-11->usv_3 ; Target-12->usv_2 ; Emergency-A->- ; Emergency-B->-
[replan 04] Target-1->usv_2 ; Target-2->usv_2 ; Target-3->- ; Target-4->usv_3 ; Target-5->usv_2 ; Target-6->usv_3 ; Target-7->usv_3 ; Target-8->usv_3 ; Target-9->usv_3 ; Target-10->usv_3 ; Target-11->usv_3 ; Target-12->usv_2 ; Emergency-A->usv_2 ; Emergency-B->usv_2
[replan 05] Target-1->usv_2 ; Target-2->usv_2 ; Target-3->- ; Target-4->usv_3 ; Target-5->usv_2 ; Target-6->usv_3 ; Target-7->usv_3 ; Target-8->usv_3 ; Target-9->usv_3 ; Target-10->usv_3 ; Target-11->usv_3 ; Target-12->usv_2 ; Emergency-A->usv_2 ; Emergency-B->usv_2
[replan 06] Target-1->usv_2 ; Target-2->usv_2 ; Target-3->- ; Target-4->usv_3 ; Target-5->usv_2 ; Target-6->usv_3 ; Target-7->usv_3 ; Target-8->usv_3 ; Target-9->usv_3 ; Target-10->usv_3 ; Target-11->usv_2 ; Target-12->usv_2 ; Emergency-A->usv_2 ; Emergency-B->usv_2
[replan 07] Target-1->usv_3 ; Target-2->usv_2 ; Target-3->- ; Target-4->usv_3 ; Target-5->usv_2 ; Target-6->usv_3 ; Target-7->usv_3 ; Target-8->usv_3 ; Target-9->usv_3 ; Target-10->usv_3 ; Target-11->usv_2 ; Target-12->usv_3 ; Emergency-A->usv_2 ; Emergency-B->usv_2
[replan 08] Target-1->usv_3 ; Target-2->usv_2 ; Target-3->- ; Target-4->usv_3 ; Target-5->usv_2 ; Target-6->usv_3 ; Target-7->usv_3 ; Target-8->usv_3 ; Target-9->usv_3 ; Target-10->usv_3 ; Target-11->usv_2 ; Target-12->usv_2,usv_3 ; Emergency-A->usv_2 ; Emergency-B->usv_2
[replan 09] Target-1->usv_3 ; Target-2->usv_2 ; Target-3->- ; Target-4->usv_3 ; Target-5->usv_2 ; Target-6->usv_3 ; Target-7->usv_3 ; Target-8->usv_3 ; Target-9->usv_3 ; Target-10->usv_3 ; Target-11->usv_2 ; Target-12->usv_2,usv_3 ; Emergency-A->usv_2 ; Emergency-B->usv_2
[replan 10] Target-1->usv_3 ; Target-2->usv_2 ; Target-3->- ; Target-4->usv_3 ; Target-5->usv_2 ; Target-6->usv_3 ; Target-7->usv_3 ; Target-8->usv_3 ; Target-9->usv_3 ; Target-10->usv_3 ; Target-11->usv_2 ; Target-12->usv_3 ; Emergency-A->usv_2 ; Emergency-B->usv_2
[replan 11] Target-1->usv_3 ; Target-2->usv_2 ; Target-3->- ; Target-4->usv_3 ; Target-5->usv_2 ; Target-6->usv_3 ; Target-7->usv_3 ; Target-8->usv_3 ; Target-9->usv_3 ; Target-10->usv_3 ; Target-11->usv_2 ; Target-12->usv_3 ; Emergency-A->usv_2 ; Emergency-B->usv_2
[replan 12] Target-1->usv_3 ; Target-2->usv_2 ; Target-3->- ; Target-4->usv_3 ; Target-5->usv_2 ; Target-6->usv_3 ; Target-7->usv_3 ; Target-8->usv_3 ; Target-9->usv_3 ; Target-10->usv_3 ; Target-11->usv_2 ; Target-12->usv_3 ; Emergency-A->usv_2 ; Emergency-B->usv_2
[replan 13] Target-1->usv_3 ; Target-2->usv_2 ; Target-3->- ; Target-4->usv_3 ; Target-5->usv_2 ; Target-6->usv_3 ; Target-7->usv_3 ; Target-8->usv_3 ; Target-9->usv_3 ; Target-10->usv_3 ; Target-11->usv_2 ; Target-12->usv_3 ; Emergency-A->usv_2 ; Emergency-B->usv_2
[replan 14] Target-1->usv_3 ; Target-2->usv_2 ; Target-3->- ; Target-4->usv_3 ; Target-5->usv_2 ; Target-6->usv_3 ; Target-7->usv_3 ; Target-8->usv_3 ; Target-9->usv_3 ; Target-10->usv_3 ; Target-11->usv_2 ; Target-12->usv_3 ; Emergency-A->usv_2 ; Emergency-B->usv_2
[replan 15] Target-1->usv_3 ; Target-2->usv_2 ; Target-3->- ; Target-4->usv_3 ; Target-5->usv_2 ; Target-6->usv_3 ; Target-7->usv_3 ; Target-8->usv_3 ; Target-9->usv_3 ; Target-10->usv_3 ; Target-11->usv_2 ; Target-12->usv_3 ; Emergency-A->usv_2 ; Emergency-B->usv_2
[replan 16] Target-1->usv_3 ; Target-2->usv_2 ; Target-3->- ; Target-4->usv_3 ; Target-5->usv_2 ; Target-6->usv_3 ; Target-7->usv_3 ; Target-8->usv_3 ; Target-9->usv_3 ; Target-10->usv_3 ; Target-11->usv_2 ; Target-12->usv_3 ; Emergency-A->usv_2 ; Emergency-B->usv_2
[replan 17] Target-1->usv_3 ; Target-2->usv_2 ; Target-3->- ; Target-4->usv_3 ; Target-5->usv_2 ; Target-6->usv_3 ; Target-7->usv_3 ; Target-8->usv_3 ; Target-9->usv_3 ; Target-10->usv_3 ; Target-11->usv_2 ; Target-12->usv_3 ; Emergency-A->usv_2 ; Emergency-B->usv_2
[replan 18] Target-1->usv_3 ; Target-2->usv_2 ; Target-3->- ; Target-4->usv_3 ; Target-5->usv_2 ; Target-6->usv_3 ; Target-7->usv_3 ; Target-8->usv_3 ; Target-9->usv_3 ; Target-10->usv_3 ; Target-11->usv_2 ; Target-12->usv_3 ; Emergency-A->usv_2 ; Emergency-B->usv_2
[replan 19] Target-1->usv_3 ; Target-2->usv_2 ; Target-3->- ; Target-4->usv_3 ; Target-5->usv_2 ; Target-6->usv_3 ; Target-7->usv_3 ; Target-8->usv_3 ; Target-9->usv_3 ; Target-10->usv_3 ; Target-11->usv_2 ; Target-12->usv_3 ; Emergency-A->usv_2 ; Emergency-B->usv_2
[replan 20] Target-1->usv_3 ; Target-2->usv_2 ; Target-3->- ; Target-4->usv_3 ; Target-5->usv_2 ; Target-6->usv_3 ; Target-7->usv_3 ; Target-8->usv_3 ; Target-9->usv_3 ; Target-10->usv_3 ; Target-11->usv_2 ; Target-12->usv_3 ; Emergency-A->usv_2 ; Emergency-B->usv_2
[replan 21] Target-1->usv_3 ; Target-2->usv_2 ; Target-3->- ; Target-4->usv_3 ; Target-5->usv_2 ; Target-6->usv_3 ; Target-7->usv_3 ; Target-8->usv_3 ; Target-9->usv_3 ; Target-10->usv_3 ; Target-11->usv_2 ; Target-12->usv_3 ; Emergency-A->usv_2 ; Emergency-B->usv_2
[replan 22] Target-1->usv_3 ; Target-2->usv_2 ; Target-3->- ; Target-4->usv_3 ; Target-5->usv_2 ; Target-6->usv_3 ; Target-7->usv_3 ; Target-8->usv_3 ; Target-9->usv_3 ; Target-10->usv_3 ; Target-11->usv_2 ; Target-12->usv_3 ; Emergency-A->usv_2 ; Emergency-B->usv_2
[replan 23] Target-1->usv_3 ; Target-2->usv_2 ; Target-3->- ; Target-4->usv_3 ; Target-5->usv_2 ; Target-6->usv_3 ; Target-7->usv_3 ; Target-8->usv_3 ; Target-9->usv_3 ; Target-10->usv_3 ; Target-11->usv_2 ; Target-12->usv_3 ; Emergency-A->usv_2 ; Emergency-B->usv_2
[replan 24] Target-1->usv_3 ; Target-2->usv_2 ; Target-3->- ; Target-4->usv_3 ; Target-5->usv_2 ; Target-6->usv_3 ; Target-7->usv_3 ; Target-8->usv_3 ; Target-9->usv_3 ; Target-10->usv_3 ; Target-11->usv_2 ; Target-12->usv_3 ; Emergency-A->usv_2 ; Emergency-B->usv_2
[replan 25] Target-1->usv_3 ; Target-2->usv_2 ; Target-3->- ; Target-4->usv_3 ; Target-5->usv_2 ; Target-6->usv_3 ; Target-7->usv_3 ; Target-8->usv_3 ; Target-9->usv_3 ; Target-10->usv_3 ; Target-11->usv_2 ; Target-12->usv_3 ; Emergency-A->usv_2 ; Emergency-B->usv_2
[replan 26] Target-1->usv_3 ; Target-2->usv_2 ; Target-3->- ; Target-4->usv_3 ; Target-5->usv_2 ; Target-6->usv_3 ; Target-7->usv_3 ; Target-8->usv_3 ; Target-9->usv_3 ; Target-10->usv_3 ; Target-11->usv_2 ; Target-12->usv_3 ; Emergency-A->usv_2 ; Emergency-B->usv_2
[replan 27] Target-1->usv_3 ; Target-2->usv_2 ; Target-3->- ; Target-4->usv_3 ; Target-5->usv_2 ; Target-6->usv_3 ; Target-7->usv_3 ; Target-8->usv_3 ; Target-9->usv_3 ; Target-10->usv_3 ; Target-11->usv_2 ; Target-12->usv_3 ; Emergency-A->usv_2 ; Emergency-B->usv_2
[replan 28] Target-1->usv_3 ; Target-2->usv_2 ; Target-3->- ; Target-4->usv_3 ; Target-5->usv_2 ; Target-6->usv_3 ; Target-7->usv_3 ; Target-8->usv_3 ; Target-9->usv_3 ; Target-10->usv_3 ; Target-11->usv_2 ; Target-12->usv_3 ; Emergency-A->usv_2 ; Emergency-B->usv_2
[replan 29] Target-1->usv_3 ; Target-2->usv_2 ; Target-3->- ; Target-4->usv_3 ; Target-5->usv_2 ; Target-6->usv_3 ; Target-7->usv_3 ; Target-8->usv_3 ; Target-9->usv_3 ; Target-10->usv_3 ; Target-11->usv_2 ; Target-12->usv_3 ; Emergency-A->usv_2 ; Emergency-B->usv_2
[replan 30] Target-1->usv_3 ; Target-2->usv_2 ; Target-3->- ; Target-4->usv_3 ; Target-5->usv_2 ; Target-6->usv_3 ; Target-7->usv_3 ; Target-8->usv_3 ; Target-9->usv_3 ; Target-10->usv_3 ; Target-11->usv_2 ; Target-12->usv_3 ; Emergency-A->usv_2 ; Emergency-B->usv_2
[replan 31] Target-1->usv_3 ; Target-2->usv_2 ; Target-3->- ; Target-4->usv_3 ; Target-5->usv_2 ; Target-6->usv_3 ; Target-7->usv_3 ; Target-8->usv_3 ; Target-9->usv_3 ; Target-10->usv_3 ; Target-11->usv_2 ; Target-12->usv_3 ; Emergency-A->usv_2 ; Emergency-B->usv_2
[replan 32] Target-1->usv_3 ; Target-2->usv_2 ; Target-3->- ; Target-4->usv_3 ; Target-5->usv_2 ; Target-6->usv_3 ; Target-7->usv_3 ; Target-8->usv_3 ; Target-9->usv_3 ; Target-10->usv_3 ; Target-11->usv_2 ; Target-12->usv_3 ; Emergency-A->usv_2 ; Emergency-B->usv_2
[replan 33] Target-1->usv_3 ; Target-2->usv_2 ; Target-3->- ; Target-4->usv_3 ; Target-5->usv_2 ; Target-6->usv_3 ; Target-7->usv_3 ; Target-8->usv_3 ; Target-9->usv_3 ; Target-10->usv_3 ; Target-11->usv_2 ; Target-12->usv_3 ; Emergency-A->usv_2 ; Emergency-B->usv_2
[replan 34] Target-1->usv_3 ; Target-2->usv_2 ; Target-3->- ; Target-4->usv_3 ; Target-5->usv_2 ; Target-6->usv_3 ; Target-7->usv_3 ; Target-8->usv_3 ; Target-9->usv_3 ; Target-10->usv_3 ; Target-11->usv_2 ; Target-12->usv_3 ; Emergency-A->usv_2 ; Emergency-B->usv_2
[replan 35] Target-1->usv_3 ; Target-2->usv_2 ; Target-3->- ; Target-4->usv_3 ; Target-5->usv_2 ; Target-6->usv_3 ; Target-7->usv_3 ; Target-8->usv_3 ; Target-9->usv_3 ; Target-10->usv_3 ; Target-11->usv_2 ; Target-12->usv_3 ; Emergency-A->usv_2 ; Emergency-B->usv_2
[replan 36] Target-1->usv_3 ; Target-2->usv_2 ; Target-3->- ; Target-4->usv_3 ; Target-5->usv_2 ; Target-6->usv_3 ; Target-7->usv_3 ; Target-8->usv_3 ; Target-9->usv_3 ; Target-10->usv_3 ; Target-11->usv_2 ; Target-12->usv_3 ; Emergency-A->usv_2 ; Emergency-B->usv_2
[replan 37] Target-1->usv_3 ; Target-2->usv_2 ; Target-3->- ; Target-4->usv_3 ; Target-5->usv_2 ; Target-6->usv_3 ; Target-7->usv_3 ; Target-8->usv_3 ; Target-9->usv_3 ; Target-10->usv_3 ; Target-11->usv_2 ; Target-12->usv_3 ; Emergency-A->usv_2 ; Emergency-B->usv_2
[replan 38] Target-1->usv_3 ; Target-2->usv_2 ; Target-3->- ; Target-4->usv_3 ; Target-5->usv_2 ; Target-6->usv_3 ; Target-7->usv_3 ; Target-8->usv_3 ; Target-9->usv_3 ; Target-10->usv_3 ; Target-11->usv_2 ; Target-12->usv_3 ; Emergency-A->usv_2 ; Emergency-B->usv_2
[replan 39] Target-1->usv_3 ; Target-2->usv_2 ; Target-3->- ; Target-4->usv_3 ; Target-5->usv_2 ; Target-6->usv_3 ; Target-7->usv_3 ; Target-8->usv_3 ; Target-9->usv_3 ; Target-10->usv_3 ; Target-11->usv_2 ; Target-12->usv_3 ; Emergency-A->usv_2 ; Emergency-B->usv_2
[replan 40] Target-1->usv_3 ; Target-2->usv_2 ; Target-3->- ; Target-4->usv_3 ; Target-5->usv_2 ; Target-6->usv_3 ; Target-7->usv_3 ; Target-8->usv_3 ; Target-9->usv_3 ; Target-10->usv_3 ; Target-11->usv_2 ; Target-12->usv_3 ; Emergency-A->usv_2 ; Emergency-B->usv_2
[replan 41] Target-1->usv_3 ; Target-2->usv_2 ; Target-3->- ; Target-4->usv_3 ; Target-5->usv_2 ; Target-6->usv_3 ; Target-7->usv_3 ; Target-8->usv_3 ; Target-9->usv_3 ; Target-10->usv_3 ; Target-11->usv_2 ; Target-12->usv_3 ; Emergency-A->usv_2 ; Emergency-B->usv_2
[replan 42] Target-1->usv_3 ; Target-2->usv_2 ; Target-3->- ; Target-4->usv_3 ; Target-5->usv_2 ; Target-6->usv_3 ; Target-7->usv_3 ; Target-8->usv_3 ; Target-9->usv_3 ; Target-10->usv_3 ; Target-11->usv_2 ; Target-12->usv_3 ; Emergency-A->usv_2 ; Emergency-B->usv_2
[replan 43] Target-1->usv_3 ; Target-2->usv_2 ; Target-3->- ; Target-4->usv_3 ; Target-5->usv_2 ; Target-6->usv_3 ; Target-7->usv_3 ; Target-8->usv_3 ; Target-9->usv_3 ; Target-10->usv_3 ; Target-11->usv_2 ; Target-12->usv_3 ; Emergency-A->usv_2 ; Emergency-B->usv_2
[replan 44] Target-1->usv_3 ; Target-2->usv_2 ; Target-3->- ; Target-4->usv_3 ; Target-5->usv_2 ; Target-6->usv_3 ; Target-7->usv_3 ; Target-8->usv_3 ; Target-9->usv_3 ; Target-10->usv_3 ; Target-11->usv_2 ; Target-12->usv_3 ; Emergency-A->usv_2 ; Emergency-B->usv_2
[replan 45] Target-1->usv_3 ; Target-2->usv_2 ; Target-3->- ; Target-4->usv_3 ; Target-5->usv_2 ; Target-6->usv_3 ; Target-7->usv_3 ; Target-8->usv_3 ; Target-9->usv_3 ; Target-10->usv_3 ; Target-11->usv_2 ; Target-12->usv_3 ; Emergency-A->usv_2 ; Emergency-B->usv_2
