=== UAV-USV Mission Log ===
generated_at: 2026-03-01T01:03:50
seed: 42
algorithm: hierarchical_v1
reassign_algorithm: heuristic
scenario_profile: high-coupling
sea_area: 560m x 420m
obstacles: 4
tasks_total: 14
stage1_snapshot_step: 420
replans: 24
executed_steps: 920
coverage_rate: 0.9987
task_handling_rate: 1.0000
turn_events: 1314
turn_index: 0.037903
load_balance_cv: 0.6449
mission_completion_time_s: 552.00
avg_response_time_s: 112.80
avg_processing_completion_time_s: 118.71

=== Extreme Event Metrics ===
extreme_event_enabled: true
extreme_event_fired: true
extreme_event_step: 70
extreme_event_time_s: 42.0000
extreme_event_destroyed_usv: usv_3
extreme_event_dispatch_uav: uav_1
emergency_task_label: Emergency-A
emergency_assess_time_s: 52.8000
emergency_first_response_time_s: 178.8000
emergency_complete_time_s: 180.6000
event_to_assess_s: 10.8000
event_to_first_replan_s: 10.8000
assess_to_first_replan_s: 0.0000
assess_to_first_response_s: 126.0000
assess_to_complete_s: 127.8000
coverage_at_event: 0.2512
coverage_at_event_plus_120s: 0.7526
coverage_recovery_120s: 0.5014
task_completion_at_event: 0.2500
task_completion_at_event_plus_120s: 0.7857
task_completion_gain_120s: 0.5357
turn_index_at_event: 0.0207
turn_index_at_event_plus_120s: 0.0231
turn_index_delta_120s: 0.0024

=== USV Load Balance ===
format: usv | travel_m | work_s | load_eq_m
usv_1 | 3697.5 | 48.6 | 3804.4
usv_2 | 3325.9 | 34.2 | 3401.2
usv_3 | 211.5 | 8.4 | 229.9

=== Task Definitions (14 tasks) ===
format: label | true_difficulty | known_difficulty | base_sec | discovered_by@time | pos(x,y)
Target-1 | 上(high) | 上(high) | 8.0s | high_coupling_init@0.0s | (534.3, 334.1)
Target-2 | 中(mid) | 中(mid) | 4.0s | high_coupling_init@0.0s | (113.8, 204.9)
Target-3 | 下(low) | 下(low) | 2.0s | high_coupling_init@0.0s | (113.2, 32.1)
Target-4 | 上(high) | 上(high) | 8.0s | high_coupling_init@0.0s | (257.5, 182.4)
Target-5 | 上(high) | 上(high) | 8.0s | high_coupling_init@0.0s | (389.7, 85.0)
Target-6 | 下(low) | 下(low) | 2.0s | high_coupling_init@0.0s | (400.0, 47.9)
Target-7 | 上(high) | 上(high) | 8.0s | high_coupling_init@0.0s | (514.0, 55.6)
Target-8 | 上(high) | 上(high) | 8.0s | high_coupling_init@0.0s | (314.6, 238.2)
Target-9 | 上(high) | 上(high) | 8.0s | high_coupling_init@0.0s | (133.0, 287.2)
Target-10 | 上(high) | 上(high) | 8.0s | high_coupling_init@0.0s | (353.9, 194.3)
Target-11 | 上(high) | 上(high) | 8.0s | high_coupling_init@0.0s | (311.6, 65.5)
Target-12 | 中(mid) | 中(mid) | 4.0s | high_coupling_init@0.0s | (499.4, 349.5)
Emergency-A | 下(low) | 下(low) | 2.0s | uav_1_event_assess@52.8s | (142.5, 199.8)
Emergency-B | 上(high) | 上(high) | 8.0s | uav_1_event_burst@52.8s | (169.4, 207.7)

=== Task Assignment (latest) ===
format: label | assignees | first_response | complete_time | progress/required | max_collab | status
Target-1 | usv_2 | 150.6s | 158.4s | 8.40/8.00 | 1 | DONE
Target-2 | usv_1 | 10.2s | 13.8s | 4.20/4.00 | 1 | DONE
Target-3 | usv_2 | 9.6s | 11.4s | 2.40/2.00 | 1 | DONE
Target-4 | usv_1 | 34.8s | 42.6s | 8.40/8.00 | 1 | DONE
Target-5 | usv_2 | 53.4s | 61.2s | 8.40/8.00 | 1 | DONE
Target-6 | usv_2 | 69.0s | 70.8s | 2.40/2.00 | 1 | DONE
Target-7 | usv_2 | 87.6s | 95.4s | 8.40/8.00 | 1 | DONE
Target-8 | usv_1,usv_2 | 55.2s | 63.0s | 8.40/8.00 | 1 | DONE
Target-9 | - | 15.0s | 22.8s | 8.40/8.00 | 1 | DONE
Target-10 | usv_1 | 71.4s | 79.2s | 8.40/8.00 | 1 | DONE
Target-11 | usv_1 | 135.0s | 142.8s | 8.40/8.00 | 1 | DONE
Target-12 | usv_2 | 165.6s | 169.2s | 4.20/4.00 | 1 | DONE
Emergency-A | usv_1 | 178.8s | 180.6s | 2.40/2.00 | 1 | DONE
Emergency-B | usv_1 | 543.0s | 550.8s | 8.40/8.00 | 1 | DONE

=== Assignment History By Replan ===
[replan 01] Target-1->usv_3 ; Target-2->usv_1 ; Target-3->usv_2 ; Target-4->usv_1,usv_2 ; Target-5->usv_2 ; Target-6->usv_2 ; Target-7->usv_2 ; Target-8->usv_1,usv_3 ; Target-9->usv_1,usv_3 ; Target-10->usv_1 ; Target-11->usv_2 ; Target-12->usv_3 ; Emergency-A->- ; Emergency-B->-
[replan 02] Target-1->usv_3 ; Target-2->usv_1 ; Target-3->usv_2 ; Target-4->usv_1,usv_2 ; Target-5->usv_2 ; Target-6->usv_2 ; Target-7->usv_2 ; Target-8->usv_1,usv_3 ; Target-9->usv_3 ; Target-10->usv_1 ; Target-11->usv_2 ; Target-12->usv_3 ; Emergency-A->- ; Emergency-B->-
[replan 03] Target-1->usv_1 ; Target-2->usv_1 ; Target-3->usv_2 ; Target-4->usv_1 ; Target-5->usv_2 ; Target-6->usv_2 ; Target-7->usv_2 ; Target-8->usv_1,usv_3 ; Target-9->usv_3 ; Target-10->usv_1 ; Target-11->usv_2 ; Target-12->usv_1 ; Emergency-A->- ; Emergency-B->-
[replan 04] Target-1->usv_1 ; Target-2->usv_1 ; Target-3->usv_2 ; Target-4->usv_1 ; Target-5->usv_2 ; Target-6->usv_2 ; Target-7->usv_2 ; Target-8->usv_1,usv_2 ; Target-9->- ; Target-10->usv_1 ; Target-11->usv_2 ; Target-12->usv_1 ; Emergency-A->usv_1 ; Emergency-B->usv_1
[replan 05] Target-1->usv_1 ; Target-2->usv_1 ; Target-3->usv_2 ; Target-4->usv_1 ; Target-5->usv_2 ; Target-6->usv_2 ; Target-7->usv_2 ; Target-8->usv_1,usv_2 ; Target-9->- ; Target-10->usv_1 ; Target-11->usv_2 ; Target-12->usv_1 ; Emergency-A->usv_1 ; Emergency-B->usv_1
[replan 06] Target-1->usv_1 ; Target-2->usv_1 ; Target-3->usv_2 ; Target-4->usv_1 ; Target-5->usv_2 ; Target-6->usv_2 ; Target-7->usv_2 ; Target-8->usv_1,usv_2 ; Target-9->- ; Target-10->usv_1 ; Target-11->usv_2 ; Target-12->usv_1 ; Emergency-A->usv_1 ; Emergency-B->usv_1
[replan 07] Target-1->usv_1 ; Target-2->usv_1 ; Target-3->usv_2 ; Target-4->usv_1 ; Target-5->usv_2 ; Target-6->usv_2 ; Target-7->usv_2 ; Target-8->usv_1,usv_2 ; Target-9->- ; Target-10->usv_1 ; Target-11->usv_1 ; Target-12->usv_1 ; Emergency-A->usv_1 ; Emergency-B->usv_1
[replan 08] Target-1->usv_2 ; Target-2->usv_1 ; Target-3->usv_2 ; Target-4->usv_1 ; Target-5->usv_2 ; Target-6->usv_2 ; Target-7->usv_2 ; Target-8->usv_1,usv_2 ; Target-9->- ; Target-10->usv_1 ; Target-11->usv_1 ; Target-12->usv_2 ; Emergency-A->usv_1 ; Emergency-B->usv_1
[replan 09] Target-1->usv_2 ; Target-2->usv_1 ; Target-3->usv_2 ; Target-4->usv_1 ; Target-5->usv_2 ; Target-6->usv_2 ; Target-7->usv_2 ; Target-8->usv_1,usv_2 ; Target-9->- ; Target-10->usv_1 ; Target-11->usv_1 ; Target-12->usv_2 ; Emergency-A->usv_1 ; Emergency-B->usv_1
[replan 10] Target-1->usv_2 ; Target-2->usv_1 ; Target-3->usv_2 ; Target-4->usv_1 ; Target-5->usv_2 ; Target-6->usv_2 ; Target-7->usv_2 ; Target-8->usv_1,usv_2 ; Target-9->- ; Target-10->usv_1 ; Target-11->usv_1 ; Target-12->usv_2 ; Emergency-A->usv_1 ; Emergency-B->usv_1
[replan 11] Target-1->usv_2 ; Target-2->usv_1 ; Target-3->usv_2 ; Target-4->usv_1 ; Target-5->usv_2 ; Target-6->usv_2 ; Target-7->usv_2 ; Target-8->usv_1,usv_2 ; Target-9->- ; Target-10->usv_1 ; Target-11->usv_1 ; Target-12->usv_2 ; Emergency-A->usv_1 ; Emergency-B->usv_1
[replan 12] Target-1->usv_2 ; Target-2->usv_1 ; Target-3->usv_2 ; Target-4->usv_1 ; Target-5->usv_2 ; Target-6->usv_2 ; Target-7->usv_2 ; Target-8->usv_1,usv_2 ; Target-9->- ; Target-10->usv_1 ; Target-11->usv_1 ; Target-12->usv_2 ; Emergency-A->usv_1 ; Emergency-B->usv_1
[replan 13] Target-1->usv_2 ; Target-2->usv_1 ; Target-3->usv_2 ; Target-4->usv_1 ; Target-5->usv_2 ; Target-6->usv_2 ; Target-7->usv_2 ; Target-8->usv_1,usv_2 ; Target-9->- ; Target-10->usv_1 ; Target-11->usv_1 ; Target-12->usv_2 ; Emergency-A->usv_1 ; Emergency-B->usv_1
[replan 14] Target-1->usv_2 ; Target-2->usv_1 ; Target-3->usv_2 ; Target-4->usv_1 ; Target-5->usv_2 ; Target-6->usv_2 ; Target-7->usv_2 ; Target-8->usv_1,usv_2 ; Target-9->- ; Target-10->usv_1 ; Target-11->usv_1 ; Target-12->usv_2 ; Emergency-A->usv_1 ; Emergency-B->usv_1
[replan 15] Target-1->usv_2 ; Target-2->usv_1 ; Target-3->usv_2 ; Target-4->usv_1 ; Target-5->usv_2 ; Target-6->usv_2 ; Target-7->usv_2 ; Target-8->usv_1,usv_2 ; Target-9->- ; Target-10->usv_1 ; Target-11->usv_1 ; Target-12->usv_2 ; Emergency-A->usv_1 ; Emergency-B->usv_1
[replan 16] Target-1->usv_2 ; Target-2->usv_1 ; Target-3->usv_2 ; Target-4->usv_1 ; Target-5->usv_2 ; Target-6->usv_2 ; Target-7->usv_2 ; Target-8->usv_1,usv_2 ; Target-9->- ; Target-10->usv_1 ; Target-11->usv_1 ; Target-12->usv_2 ; Emergency-A->usv_1 ; Emergency-B->usv_1
[replan 17] Target-1->usv_2 ; Target-2->usv_1 ; Target-3->usv_2 ; Target-4->usv_1 ; Target-5->usv_2 ; Target-6->usv_2 ; Target-7->usv_2 ; Target-8->usv_1,usv_2 ; Target-9->- ; Target-10->usv_1 ; Target-11->usv_1 ; Target-12->usv_2 ; Emergency-A->usv_1 ; Emergency-B->usv_1
[replan 18] Target-1->usv_2 ; Target-2->usv_1 ; Target-3->usv_2 ; Target-4->usv_1 ; Target-5->usv_2 ; Target-6->usv_2 ; Target-7->usv_2 ; Target-8->usv_1,usv_2 ; Target-9->- ; Target-10->usv_1 ; Target-11->usv_1 ; Target-12->usv_2 ; Emergency-A->usv_1 ; Emergency-B->usv_1
[replan 19] Target-1->usv_2 ; Target-2->usv_1 ; Target-3->usv_2 ; Target-4->usv_1 ; Target-5->usv_2 ; Target-6->usv_2 ; Target-7->usv_2 ; Target-8->usv_1,usv_2 ; Target-9->- ; Target-10->usv_1 ; Target-11->usv_1 ; Target-12->usv_2 ; Emergency-A->usv_1 ; Emergency-B->usv_1
[replan 20] Target-1->usv_2 ; Target-2->usv_1 ; Target-3->usv_2 ; Target-4->usv_1 ; Target-5->usv_2 ; Target-6->usv_2 ; Target-7->usv_2 ; Target-8->usv_1,usv_2 ; Target-9->- ; Target-10->usv_1 ; Target-11->usv_1 ; Target-12->usv_2 ; Emergency-A->usv_1 ; Emergency-B->usv_1
[replan 21] Target-1->usv_2 ; Target-2->usv_1 ; Target-3->usv_2 ; Target-4->usv_1 ; Target-5->usv_2 ; Target-6->usv_2 ; Target-7->usv_2 ; Target-8->usv_1,usv_2 ; Target-9->- ; Target-10->usv_1 ; Target-11->usv_1 ; Target-12->usv_2 ; Emergency-A->usv_1 ; Emergency-B->usv_1
[replan 22] Target-1->usv_2 ; Target-2->usv_1 ; Target-3->usv_2 ; Target-4->usv_1 ; Target-5->usv_2 ; Target-6->usv_2 ; Target-7->usv_2 ; Target-8->usv_1,usv_2 ; Target-9->- ; Target-10->usv_1 ; Target-11->usv_1 ; Target-12->usv_2 ; Emergency-A->usv_1 ; Emergency-B->usv_1
[replan 23] Target-1->usv_2 ; Target-2->usv_1 ; Target-3->usv_2 ; Target-4->usv_1 ; Target-5->usv_2 ; Target-6->usv_2 ; Target-7->usv_2 ; Target-8->usv_1,usv_2 ; Target-9->- ; Target-10->usv_1 ; Target-11->usv_1 ; Target-12->usv_2 ; Emergency-A->usv_1 ; Emergency-B->usv_1
[replan 24] Target-1->usv_2 ; Target-2->usv_1 ; Target-3->usv_2 ; Target-4->usv_1 ; Target-5->usv_2 ; Target-6->usv_2 ; Target-7->usv_2 ; Target-8->usv_1,usv_2 ; Target-9->- ; Target-10->usv_1 ; Target-11->usv_1 ; Target-12->usv_2 ; Emergency-A->usv_1 ; Emergency-B->usv_1
