=== UAV-USV Mission Log ===
generated_at: 2026-03-01T01:03:45
seed: 42
algorithm: hierarchical_v1
reassign_algorithm: potential_event
scenario_profile: high-coupling
sea_area: 560m x 420m
obstacles: 4
tasks_total: 14
stage1_snapshot_step: 420
replans: 16
executed_steps: 430
coverage_rate: 0.9802
task_handling_rate: 1.0000
turn_events: 449
turn_index: 0.027910
load_balance_cv: 0.5613
mission_completion_time_s: 258.00
avg_response_time_s: 85.97
avg_processing_completion_time_s: 91.89

=== Extreme Event Metrics ===
extreme_event_enabled: true
extreme_event_fired: true
extreme_event_step: 70
extreme_event_time_s: 42.0000
extreme_event_destroyed_usv: usv_3
extreme_event_dispatch_uav: uav_1
emergency_task_label: Emergency-A
emergency_assess_time_s: 55.8000
emergency_first_response_time_s: 188.4000
emergency_complete_time_s: 190.2000
event_to_assess_s: 13.8000
event_to_first_replan_s: 12.0000
assess_to_first_replan_s: 0.0000
assess_to_first_response_s: 132.6000
assess_to_complete_s: 134.4000
coverage_at_event: 0.2511
coverage_at_event_plus_120s: 0.7553
coverage_recovery_120s: 0.5043
task_completion_at_event: 0.2500
task_completion_at_event_plus_120s: 0.8571
task_completion_gain_120s: 0.6071
turn_index_at_event: 0.0198
turn_index_at_event_plus_120s: 0.0189
turn_index_delta_120s: -0.0009

=== USV Load Balance ===
format: usv | travel_m | work_s | load_eq_m
usv_1 | 1386.4 | 42.0 | 1478.8
usv_2 | 1500.5 | 40.8 | 1590.3
usv_3 | 210.7 | 8.4 | 229.1

=== Task Definitions (14 tasks) ===
format: label | true_difficulty | known_difficulty | base_sec | discovered_by@time | pos(x,y)
Target-1 | 上(high) | 上(high) | 8.0s | high_coupling_init@0.0s | (534.3, 334.1)
Target-2 | 中(mid) | 中(mid) | 4.0s | high_coupling_init@0.0s | (113.8, 204.9)
Target-3 | 下(low) | 下(low) | 2.0s | high_coupling_init@0.0s | (113.2, 32.1)
Target-4 | 上(high) | 上(high) | 8.0s | high_coupling_init@0.0s | (257.5, 182.4)
Target-5 | 上(high) | 上(high) | 8.0s | high_coupling_init@0.0s | (389.7, 85.0)
Target-6 | 下(low) | 下(low) | 2.0s | high_coupling_init@0.0s | (400.0, 47.9)
Target-7 | 上(high) | 上(high) | 8.0s | high_coupling_init@0.0s | (514.0, 55.6)
Target-8 | 上(high) | 上(high) | 8.0s | high_coupling_init@0.0s | (314.6, 238.2)
Target-9 | 上(high) | 上(high) | 8.0s | high_coupling_init@0.0s | (133.0, 287.2)
Target-10 | 上(high) | 上(high) | 8.0s | high_coupling_init@0.0s | (353.9, 194.3)
Target-11 | 上(high) | 上(high) | 8.0s | high_coupling_init@0.0s | (311.6, 65.5)
Target-12 | 中(mid) | 中(mid) | 4.0s | high_coupling_init@0.0s | (499.4, 349.5)
Emergency-A | 下(low) | 下(low) | 2.0s | uav_1_event_assess@55.8s | (86.8, 231.8)
Emergency-B | 上(high) | 上(high) | 8.0s | uav_1_event_burst@55.8s | (113.6, 239.7)

=== Task Assignment (latest) ===
format: label | assignees | first_response | complete_time | progress/required | max_collab | status
Target-1 | usv_1 | 119.4s | 127.2s | 8.40/8.00 | 1 | DONE
Target-2 | usv_1 | 10.2s | 13.8s | 4.20/4.00 | 1 | DONE
Target-3 | usv_2 | 9.6s | 11.4s | 2.40/2.00 | 1 | DONE
Target-4 | usv_1 | 34.8s | 42.6s | 8.40/8.00 | 1 | DONE
Target-5 | usv_2 | 53.4s | 61.2s | 8.40/8.00 | 1 | DONE
Target-6 | usv_2 | 69.0s | 70.8s | 2.40/2.00 | 1 | DONE
Target-7 | usv_2 | 87.6s | 95.4s | 8.40/8.00 | 1 | DONE
Target-8 | usv_1 | 55.2s | 63.0s | 8.40/8.00 | 1 | DONE
Target-9 | - | 15.0s | 22.8s | 8.40/8.00 | 1 | DONE
Target-10 | usv_1 | 71.4s | 79.2s | 8.40/8.00 | 1 | DONE
Target-11 | usv_2 | 136.8s | 144.6s | 8.40/8.00 | 1 | DONE
Target-12 | usv_1 | 108.0s | 111.6s | 4.20/4.00 | 1 | DONE
Emergency-A | usv_2 | 188.4s | 190.2s | 2.40/2.00 | 1 | DONE
Emergency-B | usv_2 | 244.8s | 252.6s | 8.40/8.00 | 1 | DONE

=== Assignment History By Replan ===
[replan 01] Target-1->usv_3 ; Target-2->usv_1 ; Target-3->usv_2 ; Target-4->usv_1,usv_2 ; Target-5->usv_2 ; Target-6->usv_2 ; Target-7->usv_2 ; Target-8->usv_1,usv_2 ; Target-9->usv_1,usv_3 ; Target-10->usv_1 ; Target-11->usv_2 ; Target-12->usv_3 ; Emergency-A->- ; Emergency-B->-
[replan 02] Target-1->usv_3 ; Target-2->usv_1 ; Target-3->usv_2 ; Target-4->usv_1,usv_2 ; Target-5->usv_2 ; Target-6->usv_2 ; Target-7->usv_2 ; Target-8->usv_1,usv_3 ; Target-9->usv_3 ; Target-10->usv_1 ; Target-11->usv_2 ; Target-12->usv_3 ; Emergency-A->- ; Emergency-B->-
[replan 03] Target-1->usv_1 ; Target-2->usv_1 ; Target-3->usv_2 ; Target-4->usv_1 ; Target-5->usv_2 ; Target-6->usv_2 ; Target-7->usv_2 ; Target-8->usv_1,usv_2 ; Target-9->usv_3 ; Target-10->usv_1 ; Target-11->usv_2 ; Target-12->usv_1 ; Emergency-A->- ; Emergency-B->-
[replan 04] Target-1->usv_1 ; Target-2->usv_1 ; Target-3->usv_2 ; Target-4->usv_1 ; Target-5->usv_2 ; Target-6->usv_2 ; Target-7->usv_2 ; Target-8->usv_1,usv_2 ; Target-9->- ; Target-10->usv_1 ; Target-11->usv_2 ; Target-12->usv_1 ; Emergency-A->- ; Emergency-B->-
[replan 05] Target-1->usv_1 ; Target-2->usv_1 ; Target-3->usv_2 ; Target-4->usv_1 ; Target-5->usv_2 ; Target-6->usv_2 ; Target-7->usv_2 ; Target-8->usv_1 ; Target-9->- ; Target-10->usv_1 ; Target-11->usv_2 ; Target-12->usv_1 ; Emergency-A->usv_1 ; Emergency-B->usv_1
[replan 06] Target-1->usv_1 ; Target-2->usv_1 ; Target-3->usv_2 ; Target-4->usv_1 ; Target-5->usv_2 ; Target-6->usv_2 ; Target-7->usv_2 ; Target-8->usv_1 ; Target-9->- ; Target-10->usv_1 ; Target-11->usv_2 ; Target-12->usv_1 ; Emergency-A->usv_1 ; Emergency-B->usv_1
[replan 07] Target-1->usv_1 ; Target-2->usv_1 ; Target-3->usv_2 ; Target-4->usv_1 ; Target-5->usv_2 ; Target-6->usv_2 ; Target-7->usv_2 ; Target-8->usv_1 ; Target-9->- ; Target-10->usv_1 ; Target-11->usv_1 ; Target-12->usv_1 ; Emergency-A->usv_1 ; Emergency-B->usv_1
[replan 08] Target-1->usv_1 ; Target-2->usv_1 ; Target-3->usv_2 ; Target-4->usv_1 ; Target-5->usv_2 ; Target-6->usv_2 ; Target-7->usv_2 ; Target-8->usv_1 ; Target-9->- ; Target-10->usv_1 ; Target-11->usv_2 ; Target-12->usv_1 ; Emergency-A->usv_1 ; Emergency-B->usv_1
[replan 09] Target-1->usv_1 ; Target-2->usv_1 ; Target-3->usv_2 ; Target-4->usv_1 ; Target-5->usv_2 ; Target-6->usv_2 ; Target-7->usv_2 ; Target-8->usv_1 ; Target-9->- ; Target-10->usv_1 ; Target-11->usv_2 ; Target-12->usv_1 ; Emergency-A->usv_2 ; Emergency-B->usv_2
[replan 10] Target-1->usv_1 ; Target-2->usv_1 ; Target-3->usv_2 ; Target-4->usv_1 ; Target-5->usv_2 ; Target-6->usv_2 ; Target-7->usv_2 ; Target-8->usv_1 ; Target-9->- ; Target-10->usv_1 ; Target-11->usv_2 ; Target-12->usv_1 ; Emergency-A->usv_2 ; Emergency-B->usv_2
[replan 11] Target-1->usv_1 ; Target-2->usv_1 ; Target-3->usv_2 ; Target-4->usv_1 ; Target-5->usv_2 ; Target-6->usv_2 ; Target-7->usv_2 ; Target-8->usv_1 ; Target-9->- ; Target-10->usv_1 ; Target-11->usv_2 ; Target-12->usv_1 ; Emergency-A->usv_2 ; Emergency-B->usv_2
[replan 12] Target-1->usv_1 ; Target-2->usv_1 ; Target-3->usv_2 ; Target-4->usv_1 ; Target-5->usv_2 ; Target-6->usv_2 ; Target-7->usv_2 ; Target-8->usv_1 ; Target-9->- ; Target-10->usv_1 ; Target-11->usv_2 ; Target-12->usv_1 ; Emergency-A->usv_2 ; Emergency-B->usv_2
[replan 13] Target-1->usv_1 ; Target-2->usv_1 ; Target-3->usv_2 ; Target-4->usv_1 ; Target-5->usv_2 ; Target-6->usv_2 ; Target-7->usv_2 ; Target-8->usv_1 ; Target-9->- ; Target-10->usv_1 ; Target-11->usv_2 ; Target-12->usv_1 ; Emergency-A->usv_2 ; Emergency-B->usv_2
[replan 14] Target-1->usv_1 ; Target-2->usv_1 ; Target-3->usv_2 ; Target-4->usv_1 ; Target-5->usv_2 ; Target-6->usv_2 ; Target-7->usv_2 ; Target-8->usv_1 ; Target-9->- ; Target-10->usv_1 ; Target-11->usv_2 ; Target-12->usv_1 ; Emergency-A->usv_2 ; Emergency-B->usv_2
[replan 15] Target-1->usv_1 ; Target-2->usv_1 ; Target-3->usv_2 ; Target-4->usv_1 ; Target-5->usv_2 ; Target-6->usv_2 ; Target-7->usv_2 ; Target-8->usv_1 ; Target-9->- ; Target-10->usv_1 ; Target-11->usv_2 ; Target-12->usv_1 ; Emergency-A->usv_2 ; Emergency-B->usv_2
[replan 16] Target-1->usv_1 ; Target-2->usv_1 ; Target-3->usv_2 ; Target-4->usv_1 ; Target-5->usv_2 ; Target-6->usv_2 ; Target-7->usv_2 ; Target-8->usv_1 ; Target-9->- ; Target-10->usv_1 ; Target-11->usv_2 ; Target-12->usv_1 ; Emergency-A->usv_2 ; Emergency-B->usv_2
