=== UAV-USV Mission Log ===
generated_at: 2026-03-01T10:51:39
seed: 1085280227
algorithm: hierarchical_v1
reassign_algorithm: auction_cbba
scenario_profile: high-coupling
sea_area: 560m x 420m
obstacles: 4
tasks_total: 14
stage1_snapshot_step: 420
replans: 14
executed_steps: 380
coverage_rate: 0.9784
task_handling_rate: 1.0000
turn_events: 405
turn_index: 0.028027
load_balance_cv: 0.5073
mission_completion_time_s: 228.00
avg_response_time_s: 92.57
avg_processing_completion_time_s: 98.31

=== Extreme Event Metrics ===
extreme_event_enabled: true
extreme_event_fired: true
extreme_event_step: 81
extreme_event_time_s: 48.6000
extreme_event_destroyed_usv: usv_1
extreme_event_dispatch_uav: uav_1
emergency_task_label: Emergency-A
emergency_assess_time_s: 61.2000
emergency_first_response_time_s: 221.4000
emergency_complete_time_s: 223.2000
event_to_assess_s: 12.6000
event_to_first_replan_s: 5.4000
assess_to_first_replan_s: 0.0000
assess_to_first_response_s: 160.2000
assess_to_complete_s: 162.0000
coverage_at_event: 0.2889
coverage_at_event_plus_120s: 0.7828
coverage_recovery_120s: 0.4939
task_completion_at_event: 0.4167
task_completion_at_event_plus_120s: 0.7857
task_completion_gain_120s: 0.3690
turn_index_at_event: 0.0225
turn_index_at_event_plus_120s: 0.0268
turn_index_delta_120s: 0.0043

=== USV Load Balance ===
format: usv | travel_m | work_s | load_eq_m
usv_1 | 273.0 | 8.4 | 291.5
usv_2 | 1363.8 | 36.0 | 1443.0
usv_3 | 1230.6 | 44.4 | 1328.3

=== Task Definitions (14 tasks) ===
format: label | true_difficulty | known_difficulty | base_sec | discovered_by@time | pos(x,y)
Target-1 | 上(high) | 上(high) | 8.0s | high_coupling_init@0.0s | (42.4, 154.8)
Target-2 | 中(mid) | 中(mid) | 4.0s | high_coupling_init@0.0s | (252.4, 168.4)
Target-3 | 上(high) | 上(high) | 8.0s | high_coupling_init@0.0s | (371.7, 291.3)
Target-4 | 上(high) | 上(high) | 8.0s | high_coupling_init@0.0s | (43.3, 305.1)
Target-5 | 下(low) | 下(low) | 2.0s | high_coupling_init@0.0s | (414.3, 337.0)
Target-6 | 中(mid) | 中(mid) | 4.0s | high_coupling_init@0.0s | (107.9, 359.6)
Target-7 | 中(mid) | 中(mid) | 4.0s | high_coupling_init@0.0s | (101.5, 257.3)
Target-8 | 上(high) | 上(high) | 8.0s | high_coupling_init@0.0s | (360.7, 193.7)
Target-9 | 上(high) | 上(high) | 8.0s | high_coupling_init@0.0s | (361.8, 379.5)
Target-10 | 上(high) | 上(high) | 8.0s | high_coupling_init@0.0s | (526.8, 136.2)
Target-11 | 中(mid) | 中(mid) | 4.0s | high_coupling_init@0.0s | (499.3, 40.6)
Target-12 | 上(high) | 上(high) | 8.0s | high_coupling_init@0.0s | (212.7, 384.6)
Emergency-A | 下(low) | 下(low) | 2.0s | uav_1_event_assess@61.2s | (31.6, 278.9)
Emergency-B | 上(high) | 上(high) | 8.0s | uav_1_event_burst@61.2s | (53.9, 310.9)

=== Task Assignment (latest) ===
format: label | assignees | first_response | complete_time | progress/required | max_collab | status
Target-1 | - | 6.0s | 13.8s | 8.40/8.00 | 1 | DONE
Target-2 | usv_2 | 37.2s | 40.8s | 4.20/4.00 | 1 | DONE
Target-3 | usv_2,usv_3 | 114.6s | 122.4s | 8.40/8.00 | 1 | DONE
Target-4 | usv_3 | 7.8s | 15.6s | 8.40/8.00 | 1 | DONE
Target-5 | usv_3 | 180.6s | 182.4s | 2.40/2.00 | 1 | DONE
Target-6 | usv_3 | 44.4s | 48.0s | 4.20/4.00 | 1 | DONE
Target-7 | usv_3 | 26.4s | 30.0s | 4.20/4.00 | 1 | DONE
Target-8 | usv_2 | 57.0s | 64.8s | 8.40/8.00 | 1 | DONE
Target-9 | usv_3 | 94.2s | 102.0s | 8.40/8.00 | 1 | DONE
Target-10 | usv_2 | 106.2s | 114.0s | 8.40/8.00 | 1 | DONE
Target-11 | usv_2 | 129.6s | 133.2s | 4.20/4.00 | 1 | DONE
Target-12 | usv_3 | 63.6s | 71.4s | 8.40/8.00 | 1 | DONE
Emergency-A | usv_2 | 221.4s | 223.2s | 2.40/2.00 | 1 | DONE
Emergency-B | usv_2 | 207.0s | 214.8s | 8.40/8.00 | 1 | DONE

=== Assignment History By Replan ===
[replan 01] Target-1->usv_1 ; Target-2->usv_1 ; Target-3->usv_3 ; Target-4->usv_3 ; Target-5->usv_3 ; Target-6->usv_3 ; Target-7->usv_1 ; Target-8->usv_1 ; Target-9->usv_3 ; Target-10->usv_1 ; Target-11->usv_2 ; Target-12->usv_3 ; Emergency-A->- ; Emergency-B->-
[replan 02] Target-1->usv_1 ; Target-2->usv_2 ; Target-3->usv_3 ; Target-4->usv_3 ; Target-5->usv_3 ; Target-6->usv_3 ; Target-7->usv_3 ; Target-8->usv_2 ; Target-9->usv_3 ; Target-10->usv_2 ; Target-11->usv_2 ; Target-12->usv_3 ; Emergency-A->- ; Emergency-B->-
[replan 03] Target-1->usv_1 ; Target-2->usv_2 ; Target-3->usv_2 ; Target-4->usv_3 ; Target-5->usv_2 ; Target-6->usv_3 ; Target-7->usv_3 ; Target-8->usv_2 ; Target-9->usv_2 ; Target-10->usv_2 ; Target-11->usv_2 ; Target-12->usv_3 ; Emergency-A->- ; Emergency-B->-
[replan 04] Target-1->- ; Target-2->usv_2 ; Target-3->usv_2,usv_3 ; Target-4->usv_3 ; Target-5->usv_2 ; Target-6->usv_3 ; Target-7->usv_3 ; Target-8->usv_2 ; Target-9->usv_2 ; Target-10->usv_2,usv_3 ; Target-11->usv_2 ; Target-12->usv_3 ; Emergency-A->- ; Emergency-B->-
[replan 05] Target-1->- ; Target-2->usv_2 ; Target-3->usv_2,usv_3 ; Target-4->usv_3 ; Target-5->usv_2 ; Target-6->usv_3 ; Target-7->usv_3 ; Target-8->usv_2 ; Target-9->usv_2 ; Target-10->usv_2,usv_3 ; Target-11->usv_2 ; Target-12->usv_3 ; Emergency-A->usv_3 ; Emergency-B->usv_3
[replan 06] Target-1->- ; Target-2->usv_2 ; Target-3->usv_2,usv_3 ; Target-4->usv_3 ; Target-5->usv_3 ; Target-6->usv_3 ; Target-7->usv_3 ; Target-8->usv_2 ; Target-9->usv_2 ; Target-10->usv_2,usv_3 ; Target-11->usv_2 ; Target-12->usv_3 ; Emergency-A->usv_3 ; Emergency-B->usv_3
[replan 07] Target-1->- ; Target-2->usv_2 ; Target-3->usv_2,usv_3 ; Target-4->usv_3 ; Target-5->usv_2 ; Target-6->usv_3 ; Target-7->usv_3 ; Target-8->usv_2 ; Target-9->usv_3 ; Target-10->usv_2,usv_3 ; Target-11->usv_2 ; Target-12->usv_3 ; Emergency-A->usv_3 ; Emergency-B->usv_3
[replan 08] Target-1->- ; Target-2->usv_2 ; Target-3->usv_2,usv_3 ; Target-4->usv_3 ; Target-5->usv_3 ; Target-6->usv_3 ; Target-7->usv_3 ; Target-8->usv_2 ; Target-9->usv_3 ; Target-10->usv_2 ; Target-11->usv_2 ; Target-12->usv_3 ; Emergency-A->usv_3 ; Emergency-B->usv_3
[replan 09] Target-1->- ; Target-2->usv_2 ; Target-3->usv_2,usv_3 ; Target-4->usv_3 ; Target-5->usv_3 ; Target-6->usv_3 ; Target-7->usv_3 ; Target-8->usv_2 ; Target-9->usv_3 ; Target-10->usv_2 ; Target-11->usv_2 ; Target-12->usv_3 ; Emergency-A->usv_2 ; Emergency-B->usv_3
[replan 10] Target-1->- ; Target-2->usv_2 ; Target-3->usv_2,usv_3 ; Target-4->usv_3 ; Target-5->usv_3 ; Target-6->usv_3 ; Target-7->usv_3 ; Target-8->usv_2 ; Target-9->usv_3 ; Target-10->usv_2 ; Target-11->usv_2 ; Target-12->usv_3 ; Emergency-A->usv_3 ; Emergency-B->usv_2
[replan 11] Target-1->- ; Target-2->usv_2 ; Target-3->usv_2,usv_3 ; Target-4->usv_3 ; Target-5->usv_3 ; Target-6->usv_3 ; Target-7->usv_3 ; Target-8->usv_2 ; Target-9->usv_3 ; Target-10->usv_2 ; Target-11->usv_2 ; Target-12->usv_3 ; Emergency-A->usv_3 ; Emergency-B->usv_2
[replan 12] Target-1->- ; Target-2->usv_2 ; Target-3->usv_2,usv_3 ; Target-4->usv_3 ; Target-5->usv_3 ; Target-6->usv_3 ; Target-7->usv_3 ; Target-8->usv_2 ; Target-9->usv_3 ; Target-10->usv_2 ; Target-11->usv_2 ; Target-12->usv_3 ; Emergency-A->usv_3 ; Emergency-B->usv_2
[replan 13] Target-1->- ; Target-2->usv_2 ; Target-3->usv_2,usv_3 ; Target-4->usv_3 ; Target-5->usv_3 ; Target-6->usv_3 ; Target-7->usv_3 ; Target-8->usv_2 ; Target-9->usv_3 ; Target-10->usv_2 ; Target-11->usv_2 ; Target-12->usv_3 ; Emergency-A->usv_2 ; Emergency-B->usv_2
[replan 14] Target-1->- ; Target-2->usv_2 ; Target-3->usv_2,usv_3 ; Target-4->usv_3 ; Target-5->usv_3 ; Target-6->usv_3 ; Target-7->usv_3 ; Target-8->usv_2 ; Target-9->usv_3 ; Target-10->usv_2 ; Target-11->usv_2 ; Target-12->usv_3 ; Emergency-A->usv_2 ; Emergency-B->usv_2
